TN:
SF:src/app.ts
FN:7,(anonymous_0)
FNF:1
FNH:0
FNDA:0,(anonymous_0)
DA:7,0
DA:8,0
DA:9,0
DA:10,0
DA:12,0
DA:13,0
DA:14,0
DA:15,0
DA:17,0
DA:18,0
DA:19,0
DA:21,0
DA:22,0
DA:23,0
DA:24,0
DA:26,0
DA:27,0
DA:29,0
DA:30,0
LF:19
LH:0
BRDA:8,0,0,0
BRDA:8,0,1,0
BRF:2
BRH:0
end_of_record
TN:
SF:src/config/EncryptionService.ts
FN:14,(anonymous_1)
FN:39,(anonymous_2)
FN:63,(anonymous_3)
FN:96,(anonymous_4)
FN:107,(anonymous_5)
FN:124,(anonymous_6)
FNF:6
FNH:6
FNDA:26,(anonymous_1)
FNDA:11,(anonymous_2)
FNDA:14,(anonymous_3)
FNDA:2,(anonymous_4)
FNDA:5,(anonymous_5)
FNDA:4,(anonymous_6)
DA:1,1
DA:9,1
DA:10,26
DA:12,26
DA:15,26
DA:17,26
DA:19,26
DA:20,2
DA:25,24
DA:40,11
DA:41,4
DA:44,7
DA:45,7
DA:46,7
DA:47,7
DA:48,6
DA:49,6
DA:51,6
DA:64,14
DA:66,14
DA:67,7
DA:70,7
DA:72,7
DA:77,6
DA:78,6
DA:81,5
DA:82,4
DA:84,3
DA:86,4
DA:97,2
DA:98,2
DA:99,2
DA:108,5
DA:109,5
DA:110,5
DA:111,3
DA:113,3
DA:125,4
LF:38
LH:38
BRDA:19,0,0,2
BRDA:19,0,1,24
BRDA:40,1,0,4
BRDA:40,1,1,7
BRDA:66,2,0,7
BRDA:66,2,1,7
BRDA:66,3,0,14
BRDA:66,3,1,11
BRDA:66,3,2,9
BRF:9
BRH:9
end_of_record
TN:
SF:src/config/adminJs.ts
FN:53,(anonymous_0)
FN:83,(anonymous_1)
FN:126,(anonymous_2)
FNF:3
FNH:0
FNDA:0,(anonymous_0)
FNDA:0,(anonymous_1)
FNDA:0,(anonymous_2)
DA:22,0
DA:27,0
DA:47,0
DA:49,0
DA:53,0
DA:57,0
DA:80,0
DA:84,0
DA:87,0
DA:88,0
DA:90,0
DA:91,0
DA:92,0
DA:93,0
DA:96,0
DA:97,0
DA:98,0
DA:101,0
DA:106,0
DA:110,0
DA:112,0
DA:113,0
DA:115,0
DA:124,0
DA:126,0
DA:127,0
DA:128,0
DA:129,0
DA:131,0
DA:132,0
DA:136,0
LF:31
LH:0
BRDA:96,0,0,0
BRDA:96,0,1,0
BRDA:110,1,0,0
BRDA:110,1,1,0
BRDA:113,2,0,0
BRDA:113,2,1,0
BRF:6
BRH:0
end_of_record
TN:
SF:src/config/dashboardService.ts
FN:42,(anonymous_0)
FN:44,(anonymous_1)
FN:142,(anonymous_2)
FN:146,(anonymous_3)
FN:158,(anonymous_4)
FN:169,(anonymous_5)
FN:171,(anonymous_6)
FN:189,(anonymous_7)
FN:199,(anonymous_8)
FN:223,(anonymous_9)
FN:229,(anonymous_10)
FN:230,(anonymous_11)
FNF:12
FNH:0
FNDA:0,(anonymous_0)
FNDA:0,(anonymous_1)
FNDA:0,(anonymous_2)
FNDA:0,(anonymous_3)
FNDA:0,(anonymous_4)
FNDA:0,(anonymous_5)
FNDA:0,(anonymous_6)
FNDA:0,(anonymous_7)
FNDA:0,(anonymous_8)
FNDA:0,(anonymous_9)
FNDA:0,(anonymous_10)
FNDA:0,(anonymous_11)
DA:42,0
DA:45,0
DA:46,0
DA:47,0
DA:50,0
DA:51,0
DA:52,0
DA:54,0
DA:55,0
DA:56,0
DA:58,0
DA:59,0
DA:65,0
DA:68,0
DA:69,0
DA:70,0
DA:71,0
DA:72,0
DA:74,0
DA:79,0
DA:82,0
DA:83,0
DA:85,0
DA:86,0
DA:91,0
DA:94,0
DA:96,0
DA:97,0
DA:107,0
DA:109,0
DA:111,0
DA:112,0
DA:114,0
DA:121,0
DA:123,0
DA:124,0
DA:129,0
DA:132,0
DA:133,0
DA:138,0
DA:140,0
DA:141,0
DA:142,0
DA:145,0
DA:146,0
DA:149,0
DA:151,0
DA:152,0
DA:157,0
DA:158,0
DA:159,0
DA:160,0
DA:161,0
DA:163,0
DA:164,0
DA:167,0
DA:169,0
DA:171,0
DA:177,0
DA:178,0
DA:179,0
DA:188,0
DA:189,0
DA:195,0
DA:199,0
DA:200,0
DA:201,0
DA:202,0
DA:207,0
DA:210,0
DA:223,0
DA:229,0
DA:230,0
DA:244,0
DA:246,0
LF:75
LH:0
BRDA:140,0,0,0
BRDA:140,0,1,0
BRDA:151,1,0,0
BRDA:151,1,1,0
BRDA:160,2,0,0
BRDA:160,2,1,0
BRDA:203,3,0,0
BRDA:203,3,1,0
BRDA:222,4,0,0
BRDA:222,4,1,0
BRF:10
BRH:0
end_of_record
TN:
SF:src/config/db.ts
FN:22,getEnvVar
FNF:1
FNH:0
FNDA:0,getEnvVar
DA:20,0
DA:23,0
DA:24,0
DA:25,0
DA:29,0
DA:32,0
LF:6
LH:0
BRDA:24,0,0,0
BRDA:24,0,1,0
BRF:2
BRH:0
end_of_record
TN:
SF:src/config/i18n.ts
FN:10,(anonymous_0)
FNF:1
FNH:0
FNDA:0,(anonymous_0)
DA:7,0
DA:8,0
DA:10,0
DA:11,0
DA:12,0
DA:14,0
DA:37,0
DA:38,0
LF:8
LH:0
BRF:0
BRH:0
end_of_record
TN:
SF:src/config/entity/ExternalWebhooks.ts
FNF:0
FNH:0
DA:11,0
DA:13,0
DA:16,0
DA:19,0
DA:22,0
DA:25,0
DA:28,0
DA:31,0
DA:34,0
DA:37,0
DA:40,0
DA:43,0
DA:46,0
LF:13
LH:0
BRDA:43,0,0,0
BRDA:43,0,1,0
BRDA:43,1,0,0
BRDA:43,1,1,0
BRDA:46,2,0,0
BRDA:46,2,1,0
BRDA:46,3,0,0
BRDA:46,3,1,0
BRF:8
BRH:0
end_of_record
TN:
SF:src/config/entity/Logger.ts
FNF:0
FNH:0
DA:10,0
DA:12,0
DA:15,0
DA:18,0
DA:21,0
DA:24,0
LF:6
LH:0
BRDA:21,0,0,0
BRDA:21,0,1,0
BRDA:21,1,0,0
BRDA:21,1,1,0
BRF:4
BRH:0
end_of_record
TN:
SF:src/config/entity/Session.ts
FNF:0
FNH:0
DA:4,0
DA:7,0
DA:10,0
DA:13,0
DA:16,0
LF:5
LH:0
BRDA:16,0,0,0
BRDA:16,0,1,0
BRDA:16,1,0,0
BRDA:16,1,1,0
BRF:4
BRH:0
end_of_record
TN:
SF:src/config/entity/User.ts
FN:26,(anonymous_2)
FN:31,(anonymous_3)
FNF:2
FNH:0
FNDA:0,(anonymous_2)
FNDA:0,(anonymous_3)
DA:4,0
DA:6,0
DA:9,0
DA:12,0
DA:15,0
DA:18,0
DA:21,0
DA:24,0
DA:26,0
DA:27,0
DA:31,0
DA:34,0
DA:38,0
DA:41,0
DA:44,0
DA:48,0
DA:51,0
DA:55,0
DA:58,0
DA:61,0
DA:64,0
DA:68,0
DA:71,0
DA:74,0
DA:78,0
DA:81,0
LF:26
LH:0
BRDA:27,0,0,0
BRDA:27,0,1,0
BRDA:27,1,0,0
BRDA:27,1,1,0
BRDA:34,2,0,0
BRDA:34,2,1,0
BRDA:34,3,0,0
BRDA:34,3,1,0
BRDA:44,4,0,0
BRDA:44,4,1,0
BRDA:44,5,0,0
BRDA:44,5,1,0
BRDA:51,6,0,0
BRDA:51,6,1,0
BRDA:51,7,0,0
BRDA:51,7,1,0
BRDA:58,8,0,0
BRDA:58,8,1,0
BRDA:58,9,0,0
BRDA:58,9,1,0
BRDA:61,10,0,0
BRDA:61,10,1,0
BRDA:61,11,0,0
BRDA:61,11,1,0
BRDA:64,12,0,0
BRDA:64,12,1,0
BRDA:64,13,0,0
BRDA:64,13,1,0
BRDA:81,14,0,0
BRDA:81,14,1,0
BRDA:81,15,0,0
BRDA:81,15,1,0
BRF:32
BRH:0
end_of_record
TN:
SF:src/config/entity/UserActivityLogs.ts
FNF:0
FNH:0
DA:10,0
DA:12,0
DA:15,0
DA:18,0
DA:21,0
DA:24,0
DA:27,0
LF:7
LH:0
BRDA:27,0,0,0
BRDA:27,0,1,0
BRDA:27,1,0,0
BRDA:27,1,1,0
BRF:4
BRH:0
end_of_record
TN:
SF:src/config/entity/UserOAuthProvider.ts
FN:21,(anonymous_2)
FNF:1
FNH:0
FNDA:0,(anonymous_2)
DA:14,0
DA:16,0
DA:19,0
DA:21,0
DA:23,0
DA:26,0
DA:29,0
DA:32,0
DA:35,0
DA:38,0
DA:41,0
DA:44,0
DA:47,0
DA:50,0
LF:14
LH:0
BRDA:23,0,0,0
BRDA:23,0,1,0
BRDA:23,1,0,0
BRDA:23,1,1,0
BRDA:44,2,0,0
BRDA:44,2,1,0
BRDA:44,3,0,0
BRDA:44,3,1,0
BRDA:47,4,0,0
BRDA:47,4,1,0
BRDA:47,5,0,0
BRDA:47,5,1,0
BRDA:50,6,0,0
BRDA:50,6,1,0
BRDA:50,7,0,0
BRDA:50,7,1,0
BRF:16
BRH:0
end_of_record
TN:
SF:src/config/entity/UserServiceSubscriptions.ts
FNF:0
FNH:0
DA:13,0
DA:15,0
DA:18,0
DA:21,0
DA:24,0
DA:27,0
DA:30,0
DA:33,0
DA:36,0
DA:39,0
LF:10
LH:0
BRDA:33,0,0,0
BRDA:33,0,1,0
BRDA:33,1,0,0
BRDA:33,1,1,0
BRDA:36,2,0,0
BRDA:36,2,1,0
BRDA:36,3,0,0
BRDA:36,3,1,0
BRDA:39,4,0,0
BRDA:39,4,1,0
BRDA:39,5,0,0
BRDA:39,5,1,0
BRF:12
BRH:0
end_of_record
TN:
SF:src/config/entity/UserToken.ts
FNF:0
FNH:0
DA:10,0
DA:12,0
DA:15,0
DA:18,0
DA:21,0
DA:24,0
DA:27,0
DA:30,0
DA:33,0
DA:36,0
DA:39,0
LF:11
LH:0
BRDA:33,0,0,0
BRDA:33,0,1,0
BRDA:33,1,0,0
BRDA:33,1,1,0
BRF:4
BRH:0
end_of_record
TN:
SF:src/config/entity/WebhookConfigs.ts
FNF:0
FNH:0
DA:12,0
DA:14,0
DA:17,0
DA:20,0
DA:23,0
DA:26,0
DA:29,0
DA:32,0
DA:35,0
DA:38,0
LF:10
LH:0
BRDA:35,0,0,0
BRDA:35,0,1,0
BRDA:35,1,0,0
BRDA:35,1,1,0
BRDA:38,2,0,0
BRDA:38,2,1,0
BRDA:38,3,0,0
BRDA:38,3,1,0
BRF:8
BRH:0
end_of_record
TN:
SF:src/config/entity/WebhookEvents.ts
FNF:0
FNH:0
DA:10,0
DA:12,0
DA:15,0
DA:18,0
DA:21,0
DA:24,0
DA:27,0
DA:30,0
DA:33,0
DA:36,0
DA:39,0
DA:42,0
DA:45,0
DA:48,0
DA:51,0
DA:54,0
LF:16
LH:0
BRDA:30,0,0,0
BRDA:30,0,1,0
BRDA:30,1,0,0
BRDA:30,1,1,0
BRDA:51,2,0,0
BRDA:51,2,1,0
BRDA:51,3,0,0
BRDA:51,3,1,0
BRF:8
BRH:0
end_of_record
TN:
SF:src/config/entity/WebhookFailures.ts
FNF:0
FNH:0
DA:10,0
DA:12,0
DA:15,0
DA:18,0
DA:21,0
DA:24,0
DA:27,0
DA:30,0
DA:33,0
DA:36,0
DA:39,0
DA:42,0
LF:12
LH:0
BRDA:42,0,0,0
BRDA:42,0,1,0
BRDA:42,1,0,0
BRDA:42,1,1,0
BRF:4
BRH:0
end_of_record
TN:
SF:src/config/entity/WebhookReactions.ts
FNF:0
FNH:0
DA:10,0
DA:12,0
DA:15,0
DA:18,0
DA:21,0
DA:24,0
DA:27,0
DA:30,0
DA:33,0
DA:36,0
LF:10
LH:0
BRDA:36,0,0,0
BRDA:36,0,1,0
BRDA:36,1,0,0
BRDA:36,1,1,0
BRF:4
BRH:0
end_of_record
TN:
SF:src/config/entity/WebhookStats.ts
FNF:0
FNH:0
DA:4,0
DA:6,0
DA:9,0
DA:12,0
DA:15,0
DA:18,0
DA:21,0
DA:24,0
DA:27,0
LF:9
LH:0
BRF:0
BRH:0
end_of_record
TN:
SF:src/middleware/admin.ts
FN:11,(anonymous_0)
FNF:1
FNH:0
FNDA:0,(anonymous_0)
DA:11,0
DA:12,0
DA:13,0
DA:15,0
LF:4
LH:0
BRDA:12,0,0,0
BRDA:12,0,1,0
BRDA:12,1,0,0
BRDA:12,1,1,0
BRF:4
BRH:0
end_of_record
TN:
SF:src/middleware/mail.ts
FN:3,(anonymous_0)
FNF:1
FNH:0
FNDA:0,(anonymous_0)
DA:3,0
DA:4,0
DA:5,0
DA:7,0
DA:8,0
DA:10,0
DA:11,0
LF:7
LH:0
BRDA:5,0,0,0
BRDA:5,0,1,0
BRDA:8,1,0,0
BRDA:8,1,1,0
BRF:4
BRH:0
end_of_record
TN:
SF:src/middleware/token.ts
FN:16,(anonymous_0)
FN:25,(anonymous_1)
FNF:2
FNH:0
FNDA:0,(anonymous_0)
FNDA:0,(anonymous_1)
DA:16,0
DA:17,0
DA:25,0
DA:30,0
DA:31,0
DA:32,0
DA:33,0
DA:34,0
DA:35,0
DA:38,0
DA:39,0
DA:41,0
DA:42,0
DA:43,0
DA:46,0
DA:50,0
DA:51,0
DA:52,0
DA:53,0
DA:56,0
DA:57,0
DA:59,0
DA:60,0
DA:67,0
DA:73,0
DA:74,0
DA:80,0
DA:82,0
DA:86,0
DA:88,0
DA:89,0
LF:31
LH:0
BRDA:32,0,0,0
BRDA:32,0,1,0
BRDA:32,1,0,0
BRDA:32,1,1,0
BRDA:42,2,0,0
BRDA:42,2,1,0
BRDA:51,3,0,0
BRDA:51,3,1,0
BRDA:67,4,0,0
BRDA:67,4,1,0
BRDA:68,5,0,0
BRDA:68,5,1,0
BRDA:68,5,2,0
BRDA:68,5,3,0
BRDA:74,6,0,0
BRDA:74,6,1,0
BRDA:75,7,0,0
BRDA:75,7,1,0
BRDA:75,7,2,0
BRDA:75,7,3,0
BRF:20
BRH:0
end_of_record
TN:
SF:src/routes/about/about.ts
FN:114,(anonymous_0)
FN:123,(anonymous_1)
FN:136,(anonymous_2)
FN:137,(anonymous_3)
FN:138,(anonymous_4)
FN:139,(anonymous_5)
FN:140,(anonymous_6)
FN:141,(anonymous_7)
FN:147,(anonymous_8)
FN:158,(anonymous_9)
FN:159,(anonymous_10)
FN:166,(anonymous_11)
FN:174,(anonymous_12)
FNF:13
FNH:0
FNDA:0,(anonymous_0)
FNDA:0,(anonymous_1)
FNDA:0,(anonymous_2)
FNDA:0,(anonymous_3)
FNDA:0,(anonymous_4)
FNDA:0,(anonymous_5)
FNDA:0,(anonymous_6)
FNDA:0,(anonymous_7)
FNDA:0,(anonymous_8)
FNDA:0,(anonymous_9)
FNDA:0,(anonymous_10)
FNDA:0,(anonymous_11)
FNDA:0,(anonymous_12)
DA:7,0
DA:114,0
DA:116,0
DA:117,0
DA:118,0
DA:120,0
DA:123,0
DA:124,0
DA:125,0
DA:135,0
DA:136,0
DA:137,0
DA:138,0
DA:139,0
DA:140,0
DA:141,0
DA:143,0
DA:144,0
DA:147,0
DA:148,0
DA:149,0
DA:151,0
DA:153,0
DA:154,0
DA:156,0
DA:158,0
DA:160,0
DA:161,0
DA:166,0
DA:174,0
DA:184,0
DA:194,0
DA:195,0
DA:197,0
DA:198,0
DA:203,0
LF:36
LH:0
BRDA:116,0,0,0
BRDA:116,0,1,0
BRDA:116,0,2,0
BRDA:116,1,0,0
BRDA:116,1,1,0
BRDA:117,2,0,0
BRDA:117,2,1,0
BRDA:153,3,0,0
BRDA:153,3,1,0
BRDA:201,4,0,0
BRDA:201,4,1,0
BRF:11
BRH:0
end_of_record
TN:
SF:src/routes/api/api.ts
FN:18,(anonymous_0)
FN:36,(anonymous_1)
FNF:2
FNH:0
FNDA:0,(anonymous_0)
FNDA:0,(anonymous_1)
DA:3,0
DA:16,0
DA:19,0
DA:34,0
DA:37,0
DA:38,0
DA:39,0
DA:41,0
DA:42,0
LF:9
LH:0
BRF:0
BRH:0
end_of_record
TN:
SF:src/routes/auth/auth.service.ts
FN:21,login
FN:35,register
FN:54,verify
FN:61,requestReset
FN:72,resetPassword
FN:90,connectOAuthProvider
FN:136,oauthLogin
FNF:7
FNH:0
FNDA:0,login
FNDA:0,register
FNDA:0,verify
FNDA:0,requestReset
FNDA:0,resetPassword
FNDA:0,connectOAuthProvider
FNDA:0,oauthLogin
DA:22,0
DA:23,0
DA:24,0
DA:25,0
DA:26,0
DA:27,0
DA:32,0
DA:36,0
DA:37,0
DA:38,0
DA:39,0
DA:44,0
DA:51,0
DA:55,0
DA:56,0
DA:57,0
DA:58,0
DA:62,0
DA:63,0
DA:64,0
DA:66,0
DA:69,0
DA:73,0
DA:74,0
DA:75,0
DA:77,0
DA:78,0
DA:79,0
DA:80,0
DA:81,0
DA:83,0
DA:86,0
DA:97,0
DA:102,0
DA:103,0
DA:110,0
DA:120,0
DA:121,0
DA:122,0
DA:125,0
DA:127,0
DA:133,0
DA:142,0
DA:149,0
DA:150,0
DA:152,0
DA:154,0
DA:155,0
DA:164,0
DA:166,0
DA:174,0
DA:185,0
DA:186,0
DA:189,0
DA:191,0
DA:192,0
DA:195,0
DA:201,0
LF:58
LH:0
BRDA:23,0,0,0
BRDA:23,0,1,0
BRDA:24,1,0,0
BRDA:24,1,1,0
BRDA:26,2,0,0
BRDA:26,2,1,0
BRDA:37,3,0,0
BRDA:37,3,1,0
BRDA:57,4,0,0
BRDA:57,4,1,0
BRDA:64,5,0,0
BRDA:64,5,1,0
BRDA:75,6,0,0
BRDA:75,6,1,0
BRDA:80,7,0,0
BRDA:80,7,1,0
BRDA:102,8,0,0
BRDA:102,8,1,0
BRDA:121,9,0,0
BRDA:121,9,1,0
BRDA:149,10,0,0
BRDA:149,10,1,0
BRDA:154,11,0,0
BRDA:154,11,1,0
BRDA:168,12,0,0
BRDA:168,12,1,0
BRDA:185,13,0,0
BRDA:185,13,1,0
BRDA:191,14,0,0
BRDA:191,14,1,0
BRF:30
BRH:0
end_of_record
TN:
SF:src/routes/auth/auth.ts
FN:43,(anonymous_0)
FN:154,(anonymous_1)
FN:260,(anonymous_2)
FN:266,(anonymous_3)
FN:267,(anonymous_4)
FN:304,(anonymous_5)
FN:305,(anonymous_6)
FN:384,(anonymous_7)
FN:457,(anonymous_8)
FN:465,(anonymous_9)
FN:573,(anonymous_10)
FN:607,(anonymous_11)
FN:608,(anonymous_12)
FN:772,(anonymous_13)
FN:781,(anonymous_14)
FN:830,initializeOAuthRoutes
FNF:16
FNH:0
FNDA:0,(anonymous_0)
FNDA:0,(anonymous_1)
FNDA:0,(anonymous_2)
FNDA:0,(anonymous_3)
FNDA:0,(anonymous_4)
FNDA:0,(anonymous_5)
FNDA:0,(anonymous_6)
FNDA:0,(anonymous_7)
FNDA:0,(anonymous_8)
FNDA:0,(anonymous_9)
FNDA:0,(anonymous_10)
FNDA:0,(anonymous_11)
FNDA:0,(anonymous_12)
FNDA:0,(anonymous_13)
FNDA:0,(anonymous_14)
FNDA:0,initializeOAuthRoutes
DA:17,0
DA:40,0
DA:44,0
DA:45,0
DA:46,0
DA:48,0
DA:51,0
DA:52,0
DA:152,0
DA:155,0
DA:156,0
DA:157,0
DA:158,0
DA:159,0
DA:160,0
DA:161,0
DA:166,0
DA:170,0
DA:172,0
DA:173,0
DA:174,0
DA:175,0
DA:176,0
DA:179,0
DA:186,0
DA:187,0
DA:189,0
DA:190,0
DA:191,0
DA:258,0
DA:261,0
DA:262,0
DA:263,0
DA:265,0
DA:266,0
DA:267,0
DA:269,0
DA:270,0
DA:275,0
DA:280,0
DA:281,0
DA:282,0
DA:287,0
DA:288,0
DA:291,0
DA:302,0
DA:304,0
DA:305,0
DA:307,0
DA:347,0
DA:348,0
DA:349,0
DA:351,0
DA:352,0
DA:357,0
DA:381,0
DA:385,0
DA:386,0
DA:387,0
DA:388,0
DA:389,0
DA:391,0
DA:392,0
DA:393,0
DA:394,0
DA:457,0
DA:458,0
DA:459,0
DA:462,0
DA:469,0
DA:470,0
DA:475,0
DA:477,0
DA:478,0
DA:479,0
DA:480,0
DA:485,0
DA:486,0
DA:488,0
DA:489,0
DA:573,0
DA:574,0
DA:575,0
DA:576,0
DA:577,0
DA:582,0
DA:585,0
DA:586,0
DA:587,0
DA:588,0
DA:594,0
DA:605,0
DA:607,0
DA:608,0
DA:610,0
DA:650,0
DA:651,0
DA:652,0
DA:657,0
DA:658,0
DA:663,0
DA:772,0
DA:773,0
DA:774,0
DA:775,0
DA:778,0
DA:785,0
DA:786,0
DA:791,0
DA:794,0
DA:795,0
DA:796,0
DA:801,0
DA:804,0
DA:808,0
DA:809,0
DA:814,0
DA:816,0
DA:821,0
DA:828,0
DA:831,0
DA:832,0
DA:833,0
DA:834,0
DA:835,0
DA:839,0
LF:126
LH:0
BRDA:45,0,0,0
BRDA:45,0,1,0
BRDA:157,1,0,0
BRDA:157,1,1,0
BRDA:157,2,0,0
BRDA:157,2,1,0
BRDA:159,3,0,0
BRDA:159,3,1,0
BRDA:160,4,0,0
BRDA:160,4,1,0
BRDA:173,5,0,0
BRDA:173,5,1,0
BRDA:262,6,0,0
BRDA:262,6,1,0
BRDA:266,7,0,0
BRDA:266,7,1,0
BRDA:269,8,0,0
BRDA:269,8,1,0
BRDA:281,9,0,0
BRDA:281,9,1,0
BRDA:293,10,0,0
BRDA:293,10,1,0
BRDA:294,11,0,0
BRDA:294,11,1,0
BRDA:297,12,0,0
BRDA:297,12,1,0
BRDA:298,13,0,0
BRDA:298,13,1,0
BRDA:355,14,0,0
BRDA:355,14,1,0
BRDA:388,15,0,0
BRDA:388,15,1,0
BRDA:392,16,0,0
BRDA:392,16,1,0
BRDA:458,17,0,0
BRDA:458,17,1,0
BRDA:469,18,0,0
BRDA:469,18,1,0
BRDA:469,19,0,0
BRDA:469,19,1,0
BRDA:469,19,2,0
BRDA:479,20,0,0
BRDA:479,20,1,0
BRDA:576,21,0,0
BRDA:576,21,1,0
BRDA:586,22,0,0
BRDA:586,22,1,0
BRDA:596,23,0,0
BRDA:596,23,1,0
BRDA:597,24,0,0
BRDA:597,24,1,0
BRDA:600,25,0,0
BRDA:600,25,1,0
BRDA:601,26,0,0
BRDA:601,26,1,0
BRDA:661,27,0,0
BRDA:661,27,1,0
BRDA:773,28,0,0
BRDA:773,28,1,0
BRDA:785,29,0,0
BRDA:785,29,1,0
BRDA:785,30,0,0
BRDA:785,30,1,0
BRDA:785,30,2,0
BRDA:795,31,0,0
BRDA:795,31,1,0
BRDA:808,32,0,0
BRDA:808,32,1,0
BRDA:831,33,0,0
BRDA:831,33,1,0
BRF:70
BRH:0
end_of_record
TN:
SF:src/routes/auth/oauth.router.ts
FN:9,createOAuthRouter
FN:29,(anonymous_1)
FN:62,(anonymous_2)
FN:100,(anonymous_3)
FNF:4
FNH:0
FNDA:0,createOAuthRouter
FNDA:0,(anonymous_1)
FNDA:0,(anonymous_2)
FNDA:0,(anonymous_3)
DA:7,0
DA:10,0
DA:11,0
DA:14,0
DA:16,0
DA:18,0
DA:20,0
DA:21,0
DA:23,0
DA:24,0
DA:26,0
DA:27,0
DA:30,0
DA:31,0
DA:34,0
DA:36,0
DA:37,0
DA:38,0
DA:41,0
DA:43,0
DA:44,0
DA:45,0
DA:49,0
DA:50,0
DA:53,0
DA:55,0
DA:60,0
DA:63,0
DA:64,0
DA:66,0
DA:67,0
DA:72,0
DA:73,0
DA:79,0
DA:84,0
DA:89,0
DA:90,0
DA:95,0
DA:101,0
DA:102,0
DA:103,0
DA:105,0
DA:106,0
DA:111,0
DA:112,0
DA:115,0
DA:116,0
DA:121,0
DA:122,0
DA:123,0
DA:125,0
DA:126,0
DA:127,0
DA:128,0
DA:132,0
DA:133,0
DA:134,0
DA:138,0
DA:144,0
DA:152,0
DA:156,0
DA:157,0
DA:158,0
DA:162,0
DA:167,0
DA:168,0
DA:173,0
DA:181,0
DA:182,0
DA:183,0
LF:70
LH:0
BRDA:10,0,0,0
BRDA:10,0,1,0
BRDA:21,1,0,0
BRDA:21,1,1,0
BRDA:24,2,0,0
BRDA:24,2,1,0
BRDA:26,3,0,0
BRDA:26,3,1,0
BRDA:36,4,0,0
BRDA:36,4,1,0
BRDA:37,5,0,0
BRDA:37,5,1,0
BRDA:49,6,0,0
BRDA:49,6,1,0
BRDA:64,7,0,0
BRDA:64,7,1,0
BRDA:66,8,0,0
BRDA:66,8,1,0
BRDA:72,9,0,0
BRDA:72,9,1,0
BRDA:103,10,0,0
BRDA:103,10,1,0
BRDA:105,11,0,0
BRDA:105,11,1,0
BRDA:105,12,0,0
BRDA:105,12,1,0
BRDA:115,13,0,0
BRDA:115,13,1,0
BRDA:121,14,0,0
BRDA:121,14,1,0
BRDA:121,15,0,0
BRDA:121,15,1,0
BRDA:123,16,0,0
BRDA:123,16,1,0
BRDA:132,17,0,0
BRDA:132,17,1,0
BRDA:135,18,0,0
BRDA:135,18,1,0
BRDA:139,19,0,0
BRDA:139,19,1,0
BRDA:156,20,0,0
BRDA:156,20,1,0
BRDA:159,21,0,0
BRDA:159,21,1,0
BRDA:163,22,0,0
BRDA:163,22,1,0
BRF:46
BRH:0
end_of_record
TN:
SF:src/routes/auth/oauth.service.ts
FN:14,(anonymous_0)
FN:24,(anonymous_1)
FN:37,(anonymous_2)
FN:46,(anonymous_3)
FN:57,(anonymous_4)
FNF:5
FNH:0
FNDA:0,(anonymous_0)
FNDA:0,(anonymous_1)
FNDA:0,(anonymous_2)
FNDA:0,(anonymous_3)
FNDA:0,(anonymous_4)
DA:14,0
DA:18,0
DA:24,0
DA:28,0
DA:37,0
DA:41,0
DA:42,0
DA:43,0
DA:46,0
DA:50,0
DA:51,0
DA:54,0
DA:57,0
DA:62,0
DA:63,0
DA:64,0
LF:16
LH:0
BRDA:54,0,0,0
BRDA:54,0,1,0
BRDA:64,1,0,0
BRDA:64,1,1,0
BRF:4
BRH:0
end_of_record
TN:
SF:src/routes/docs/swagger.ts
FN:18,generateOAuthPaths
FN:156,(anonymous_1)
FN:157,(anonymous_2)
FN:169,(anonymous_3)
FNF:4
FNH:0
FNDA:0,generateOAuthPaths
FNDA:0,(anonymous_1)
FNDA:0,(anonymous_2)
FNDA:0,(anonymous_3)
DA:6,0
DA:19,0
DA:20,0
DA:22,0
DA:23,0
DA:25,0
DA:26,0
DA:27,0
DA:29,0
DA:30,0
DA:59,0
DA:148,0
DA:151,0
DA:156,0
DA:157,0
DA:158,0
DA:159,0
DA:168,0
DA:169,0
DA:170,0
DA:171,0
LF:21
LH:0
BRDA:23,0,0,0
BRDA:23,0,1,0
BRDA:27,1,0,0
BRDA:27,1,1,0
BRDA:29,2,0,0
BRDA:29,2,1,0
BRDA:63,3,0,0
BRDA:63,3,1,0
BRDA:93,4,0,0
BRDA:93,4,1,0
BRDA:136,5,0,0
BRDA:136,5,1,0
BRDA:162,6,0,0
BRDA:162,6,1,0
BRF:14
BRH:0
end_of_record
TN:
SF:src/routes/facebook/facebook.ts
FN:7,(anonymous_0)
FNF:1
FNH:0
FNDA:0,(anonymous_0)
DA:5,0
DA:7,0
DA:8,0
DA:9,0
DA:10,0
DA:12,0
DA:13,0
DA:18,0
DA:24,0
DA:25,0
LF:10
LH:0
BRDA:12,0,0,0
BRDA:12,0,1,0
BRF:2
BRH:0
end_of_record
TN:
SF:src/routes/logs/logs.service.ts
FN:29,sendLogErrorNotificationEmail
FN:84,(anonymous_1)
FN:127,(anonymous_2)
FN:144,(anonymous_3)
FNF:4
FNH:0
FNDA:0,sendLogErrorNotificationEmail
FNDA:0,(anonymous_1)
FNDA:0,(anonymous_2)
FNDA:0,(anonymous_3)
DA:17,0
DA:35,0
DA:36,0
DA:39,0
DA:40,0
DA:41,0
DA:44,0
DA:45,0
DA:59,0
DA:60,0
DA:61,0
DA:62,0
DA:63,0
DA:64,0
DA:65,0
DA:66,0
DA:67,0
DA:68,0
DA:71,0
DA:72,0
DA:84,0
DA:85,0
DA:86,0
DA:89,0
DA:108,0
DA:112,0
DA:116,0
DA:117,0
DA:118,0
DA:119,0
DA:120,0
DA:121,0
DA:122,0
DA:123,0
DA:127,0
DA:132,0
DA:133,0
DA:135,0
DA:136,0
DA:138,0
DA:139,0
DA:145,0
DA:149,0
LF:43
LH:0
BRDA:18,0,0,0
BRDA:18,0,1,0
BRDA:19,1,0,0
BRDA:19,1,1,0
BRDA:21,2,0,0
BRDA:21,2,1,0
BRDA:22,3,0,0
BRDA:22,3,1,0
BRDA:24,4,0,0
BRDA:24,4,1,0
BRDA:25,5,0,0
BRDA:25,5,1,0
BRDA:35,6,0,0
BRDA:35,6,1,0
BRDA:39,7,0,0
BRDA:39,7,1,0
BRDA:59,8,0,0
BRDA:59,8,1,0
BRDA:59,9,0,0
BRDA:59,9,1,0
BRDA:134,10,0,0
BRDA:134,10,1,0
BRDA:134,11,0,0
BRDA:134,11,1,0
BRDA:134,12,0,0
BRDA:134,12,1,0
BRDA:138,13,0,0
BRDA:138,13,1,0
BRDA:142,14,0,0
BRDA:142,14,1,0
BRF:30
BRH:0
end_of_record
TN:
SF:src/routes/services/mappings.service.ts
FN:10,(anonymous_0)
FN:23,(anonymous_1)
FN:39,(anonymous_2)
FN:65,(anonymous_3)
FN:114,(anonymous_4)
FN:125,(anonymous_5)
FN:137,(anonymous_6)
FN:153,(anonymous_7)
FN:167,(anonymous_8)
FN:173,(anonymous_9)
FN:189,(anonymous_10)
FN:212,(anonymous_11)
FNF:12
FNH:0
FNDA:0,(anonymous_0)
FNDA:0,(anonymous_1)
FNDA:0,(anonymous_2)
FNDA:0,(anonymous_3)
FNDA:0,(anonymous_4)
FNDA:0,(anonymous_5)
FNDA:0,(anonymous_6)
FNDA:0,(anonymous_7)
FNDA:0,(anonymous_8)
FNDA:0,(anonymous_9)
FNDA:0,(anonymous_10)
FNDA:0,(anonymous_11)
DA:8,0
DA:11,0
DA:13,0
DA:14,0
DA:17,0
DA:19,0
DA:28,0
DA:29,0
DA:31,0
DA:32,0
DA:33,0
DA:36,0
DA:44,0
DA:45,0
DA:52,0
DA:55,0
DA:62,0
DA:80,0
DA:82,0
DA:83,0
DA:86,0
DA:87,0
DA:89,0
DA:90,0
DA:93,0
DA:94,0
DA:95,0
DA:96,0
DA:97,0
DA:98,0
DA:99,0
DA:101,0
DA:102,0
DA:111,0
DA:115,0
DA:129,0
DA:138,0
DA:139,0
DA:140,0
DA:143,0
DA:144,0
DA:146,0
DA:148,0
DA:150,0
DA:158,0
DA:159,0
DA:162,0
DA:164,0
DA:167,0
DA:173,0
DA:174,0
DA:175,0
DA:178,0
DA:179,0
DA:180,0
DA:181,0
DA:184,0
DA:194,0
DA:195,0
DA:204,0
DA:205,0
DA:208,0
DA:223,0
DA:224,0
DA:225,0
DA:228,0
DA:229,0
DA:232,0
DA:233,0
DA:236,0
DA:237,0
DA:240,0
DA:241,0
DA:244,0
DA:245,0
DA:248,0
DA:252,0
LF:77
LH:0
BRDA:13,0,0,0
BRDA:13,0,1,0
BRDA:13,1,0,0
BRDA:13,1,1,0
BRDA:44,2,0,0
BRDA:44,2,1,0
BRDA:78,3,0,0
BRDA:86,4,0,0
BRDA:86,4,1,0
BRDA:95,5,0,0
BRDA:95,5,1,0
BRDA:139,6,0,0
BRDA:139,6,1,0
BRDA:158,7,0,0
BRDA:158,7,1,0
BRDA:178,8,0,0
BRDA:178,8,1,0
BRDA:180,9,0,0
BRDA:180,9,1,0
BRDA:204,10,0,0
BRDA:204,10,1,0
BRDA:224,11,0,0
BRDA:224,11,1,0
BRDA:228,12,0,0
BRDA:228,12,1,0
BRDA:232,13,0,0
BRDA:232,13,1,0
BRDA:233,14,0,0
BRDA:233,14,1,0
BRDA:236,15,0,0
BRDA:236,15,1,0
BRDA:240,16,0,0
BRDA:240,16,1,0
BRDA:244,17,0,0
BRDA:244,17,1,0
BRF:35
BRH:0
end_of_record
TN:
SF:src/routes/services/mappings.ts
FN:10,validateMappingRequest
FN:49,(anonymous_1)
FN:82,validateActionReactionTypes
FN:98,(anonymous_3)
FN:113,validateUserServiceTokens
FN:129,(anonymous_5)
FN:332,(anonymous_6)
FN:494,(anonymous_7)
FN:500,(anonymous_8)
FN:623,(anonymous_9)
FN:721,(anonymous_10)
FN:822,(anonymous_11)
FN:932,(anonymous_12)
FNF:13
FNH:0
FNDA:0,validateMappingRequest
FNDA:0,(anonymous_1)
FNDA:0,validateActionReactionTypes
FNDA:0,(anonymous_3)
FNDA:0,validateUserServiceTokens
FNDA:0,(anonymous_5)
FNDA:0,(anonymous_6)
FNDA:0,(anonymous_7)
FNDA:0,(anonymous_8)
FNDA:0,(anonymous_9)
FNDA:0,(anonymous_10)
FNDA:0,(anonymous_11)
FNDA:0,(anonymous_12)
DA:8,0
DA:14,0
DA:16,0
DA:17,0
DA:18,0
DA:21,0
DA:23,0
DA:27,0
DA:30,0
DA:31,0
DA:33,0
DA:34,0
DA:35,0
DA:37,0
DA:38,0
DA:42,0
DA:47,0
DA:49,0
DA:50,0
DA:51,0
DA:52,0
DA:54,0
DA:55,0
DA:56,0
DA:60,0
DA:61,0
DA:66,0
DA:67,0
DA:68,0
DA:76,0
DA:89,0
DA:91,0
DA:92,0
DA:93,0
DA:98,0
DA:99,0
DA:100,0
DA:101,0
DA:107,0
DA:121,0
DA:122,0
DA:124,0
DA:125,0
DA:126,0
DA:129,0
DA:130,0
DA:131,0
DA:132,0
DA:136,0
DA:137,0
DA:138,0
DA:139,0
DA:141,0
DA:142,0
DA:145,0
DA:148,0
DA:149,0
DA:151,0
DA:152,0
DA:155,0
DA:156,0
DA:161,0
DA:162,0
DA:168,0
DA:329,0
DA:333,0
DA:334,0
DA:336,0
DA:337,0
DA:338,0
DA:350,0
DA:352,0
DA:353,0
DA:354,0
DA:360,0
DA:365,0
DA:366,0
DA:374,0
DA:383,0
DA:384,0
DA:388,0
DA:390,0
DA:396,0
DA:410,0
DA:411,0
DA:491,0
DA:495,0
DA:496,0
DA:497,0
DA:499,0
DA:500,0
DA:513,0
DA:514,0
DA:620,0
DA:624,0
DA:625,0
DA:626,0
DA:628,0
DA:629,0
DA:632,0
DA:634,0
DA:635,0
DA:638,0
DA:640,0
DA:641,0
DA:646,0
DA:660,0
DA:661,0
DA:718,0
DA:722,0
DA:723,0
DA:724,0
DA:726,0
DA:727,0
DA:730,0
DA:732,0
DA:733,0
DA:736,0
DA:738,0
DA:739,0
DA:744,0
DA:748,0
DA:749,0
DA:819,0
DA:823,0
DA:824,0
DA:825,0
DA:827,0
DA:828,0
DA:831,0
DA:833,0
DA:834,0
DA:837,0
DA:843,0
DA:844,0
DA:849,0
DA:858,0
DA:859,0
DA:929,0
DA:933,0
DA:934,0
DA:935,0
DA:937,0
DA:938,0
DA:941,0
DA:943,0
DA:944,0
DA:947,0
DA:953,0
DA:954,0
DA:959,0
DA:968,0
DA:969,0
LF:153
LH:0
BRDA:16,0,0,0
BRDA:16,0,1,0
BRDA:16,1,0,0
BRDA:16,1,1,0
BRDA:23,2,0,0
BRDA:23,2,1,0
BRDA:24,3,0,0
BRDA:24,3,1,0
BRDA:24,3,2,0
BRDA:30,4,0,0
BRDA:30,4,1,0
BRDA:30,5,0,0
BRDA:30,5,1,0
BRDA:34,6,0,0
BRDA:34,6,1,0
BRDA:34,7,0,0
BRDA:34,7,1,0
BRDA:37,8,0,0
BRDA:37,8,1,0
BRDA:37,9,0,0
BRDA:37,9,1,0
BRDA:42,10,0,0
BRDA:42,10,1,0
BRDA:43,11,0,0
BRDA:43,11,1,0
BRDA:43,11,2,0
BRDA:50,12,0,0
BRDA:50,12,1,0
BRDA:50,13,0,0
BRDA:50,13,1,0
BRDA:55,14,0,0
BRDA:55,14,1,0
BRDA:55,15,0,0
BRDA:55,15,1,0
BRDA:60,16,0,0
BRDA:60,16,1,0
BRDA:60,17,0,0
BRDA:60,17,1,0
BRDA:66,18,0,0
BRDA:66,18,1,0
BRDA:67,19,0,0
BRDA:67,19,1,0
BRDA:67,20,0,0
BRDA:67,20,1,0
BRDA:92,21,0,0
BRDA:92,21,1,0
BRDA:100,22,0,0
BRDA:100,22,1,0
BRDA:125,23,0,0
BRDA:125,23,1,0
BRDA:131,24,0,0
BRDA:131,24,1,0
BRDA:139,25,0,0
BRDA:139,25,1,0
BRDA:141,26,0,0
BRDA:141,26,1,0
BRDA:151,27,0,0
BRDA:151,27,1,0
BRDA:155,28,0,0
BRDA:155,28,1,0
BRDA:155,29,0,0
BRDA:155,29,1,0
BRDA:337,30,0,0
BRDA:337,30,1,0
BRDA:349,31,0,0
BRDA:353,32,0,0
BRDA:353,32,1,0
BRDA:365,33,0,0
BRDA:365,33,1,0
BRDA:375,34,0,0
BRDA:375,34,1,0
BRDA:628,35,0,0
BRDA:628,35,1,0
BRDA:634,36,0,0
BRDA:634,36,1,0
BRDA:640,37,0,0
BRDA:640,37,1,0
BRDA:726,38,0,0
BRDA:726,38,1,0
BRDA:732,39,0,0
BRDA:732,39,1,0
BRDA:738,40,0,0
BRDA:738,40,1,0
BRDA:827,41,0,0
BRDA:827,41,1,0
BRDA:833,42,0,0
BRDA:833,42,1,0
BRDA:843,43,0,0
BRDA:843,43,1,0
BRDA:937,44,0,0
BRDA:937,44,1,0
BRDA:943,45,0,0
BRDA:943,45,1,0
BRDA:953,46,0,0
BRDA:953,46,1,0
BRF:95
BRH:0
end_of_record
TN:
SF:src/routes/services/subscription.ts
FN:10,redirectAfterSubscription
FN:30,handleServiceSubscription
FN:161,(anonymous_2)
FN:171,(anonymous_3)
FN:279,(anonymous_4)
FN:412,(anonymous_5)
FN:558,(anonymous_6)
FNF:7
FNH:0
FNDA:0,redirectAfterSubscription
FNDA:0,handleServiceSubscription
FNDA:0,(anonymous_2)
FNDA:0,(anonymous_3)
FNDA:0,(anonymous_4)
FNDA:0,(anonymous_5)
FNDA:0,(anonymous_6)
DA:8,0
DA:15,0
DA:19,0
DA:23,0
DA:24,0
DA:27,0
DA:38,0
DA:39,0
DA:41,0
DA:42,0
DA:43,0
DA:46,0
DA:48,0
DA:49,0
DA:52,0
DA:53,0
DA:56,0
DA:57,0
DA:58,0
DA:59,0
DA:60,0
DA:63,0
DA:69,0
DA:70,0
DA:73,0
DA:79,0
DA:80,0
DA:81,0
DA:82,0
DA:83,0
DA:86,0
DA:90,0
DA:92,0
DA:93,0
DA:98,0
DA:159,0
DA:162,0
DA:163,0
DA:166,0
DA:168,0
DA:172,0
DA:173,0
DA:174,0
DA:175,0
DA:178,0
DA:180,0
DA:181,0
DA:185,0
DA:187,0
DA:188,0
DA:193,0
DA:194,0
DA:197,0
DA:206,0
DA:207,0
DA:210,0
DA:212,0
DA:213,0
DA:218,0
DA:276,0
DA:280,0
DA:281,0
DA:282,0
DA:283,0
DA:286,0
DA:288,0
DA:289,0
DA:293,0
DA:298,0
DA:299,0
DA:304,0
DA:309,0
DA:312,0
DA:318,0
DA:327,0
DA:328,0
DA:333,0
DA:409,0
DA:413,0
DA:414,0
DA:415,0
DA:416,0
DA:419,0
DA:421,0
DA:422,0
DA:426,0
DA:430,0
DA:434,0
DA:437,0
DA:438,0
DA:440,0
DA:441,0
DA:442,0
DA:443,0
DA:446,0
DA:447,0
DA:448,0
DA:450,0
DA:454,0
DA:457,0
DA:461,0
DA:462,0
DA:470,0
DA:478,0
DA:482,0
DA:487,0
DA:555,0
DA:559,0
DA:560,0
DA:561,0
DA:564,0
DA:566,0
DA:568,0
DA:569,0
DA:571,0
DA:572,0
DA:578,0
DA:581,0
DA:582,0
DA:584,0
DA:585,0
DA:591,0
DA:597,0
DA:598,0
LF:124
LH:0
BRDA:19,0,0,0
BRDA:19,0,1,0
BRDA:20,1,0,0
BRDA:20,1,1,0
BRDA:21,2,0,0
BRDA:21,2,1,0
BRDA:23,3,0,0
BRDA:23,3,1,0
BRDA:39,4,0,0
BRDA:39,4,1,0
BRDA:41,5,0,0
BRDA:41,5,1,0
BRDA:58,6,0,0
BRDA:58,6,1,0
BRDA:79,7,0,0
BRDA:79,7,1,0
BRDA:162,8,0,0
BRDA:162,8,1,0
BRDA:173,9,0,0
BRDA:173,9,1,0
BRDA:187,10,0,0
BRDA:187,10,1,0
BRDA:206,11,0,0
BRDA:206,11,1,0
BRDA:216,12,0,0
BRDA:216,12,1,0
BRDA:281,13,0,0
BRDA:281,13,1,0
BRDA:298,14,0,0
BRDA:298,14,1,0
BRDA:331,15,0,0
BRDA:331,15,1,0
BRDA:414,16,0,0
BRDA:414,16,1,0
BRDA:434,17,0,0
BRDA:434,17,1,0
BRDA:438,18,0,0
BRDA:438,18,1,0
BRDA:441,19,0,0
BRDA:441,19,1,0
BRDA:461,20,0,0
BRDA:461,20,1,0
BRDA:473,21,0,0
BRDA:473,21,1,0
BRDA:474,22,0,0
BRDA:474,22,1,0
BRDA:475,23,0,0
BRDA:475,23,1,0
BRDA:485,24,0,0
BRDA:485,24,1,0
BRDA:560,25,0,0
BRDA:560,25,1,0
BRDA:569,26,0,0
BRDA:569,26,1,0
BRDA:571,27,0,0
BRDA:571,27,1,0
BRDA:584,28,0,0
BRDA:584,28,1,0
BRF:58
BRH:0
end_of_record
TN:
SF:src/routes/user/user.service.ts
FN:7,(anonymous_0)
FN:25,(anonymous_1)
FN:40,(anonymous_2)
FN:55,(anonymous_3)
FN:86,(anonymous_4)
FN:93,updateUser
FN:108,(anonymous_6)
FN:118,(anonymous_7)
FN:130,(anonymous_8)
FN:134,(anonymous_9)
FN:145,(anonymous_10)
FN:155,(anonymous_11)
FNF:12
FNH:0
FNDA:0,(anonymous_0)
FNDA:0,(anonymous_1)
FNDA:0,(anonymous_2)
FNDA:0,(anonymous_3)
FNDA:0,(anonymous_4)
FNDA:0,updateUser
FNDA:0,(anonymous_6)
FNDA:0,(anonymous_7)
FNDA:0,(anonymous_8)
FNDA:0,(anonymous_9)
FNDA:0,(anonymous_10)
FNDA:0,(anonymous_11)
DA:7,0
DA:8,0
DA:9,0
DA:10,0
DA:11,0
DA:12,0
DA:13,0
DA:14,0
DA:17,0
DA:22,0
DA:25,0
DA:26,0
DA:27,0
DA:28,0
DA:29,0
DA:30,0
DA:31,0
DA:32,0
DA:35,0
DA:37,0
DA:40,0
DA:41,0
DA:42,0
DA:43,0
DA:44,0
DA:45,0
DA:48,0
DA:49,0
DA:52,0
DA:55,0
DA:56,0
DA:57,0
DA:58,0
DA:59,0
DA:60,0
DA:63,0
DA:64,0
DA:67,0
DA:86,0
DA:87,0
DA:88,0
DA:89,0
DA:90,0
DA:97,0
DA:99,0
DA:101,0
DA:102,0
DA:105,0
DA:108,0
DA:112,0
DA:113,0
DA:114,0
DA:115,0
DA:118,0
DA:122,0
DA:123,0
DA:124,0
DA:125,0
DA:126,0
DA:130,0
DA:131,0
DA:134,0
DA:135,0
DA:136,0
DA:137,0
DA:138,0
DA:139,0
DA:140,0
DA:141,0
DA:142,0
DA:145,0
DA:149,0
DA:150,0
DA:151,0
DA:152,0
DA:155,0
DA:156,0
DA:157,0
DA:158,0
DA:163,0
LF:80
LH:0
BRDA:13,0,0,0
BRDA:13,0,1,0
BRDA:27,1,0,0
BRDA:27,1,1,0
BRDA:31,2,0,0
BRDA:31,2,1,0
BRDA:44,3,0,0
BRDA:44,3,1,0
BRDA:59,4,0,0
BRDA:59,4,1,0
BRDA:88,5,0,0
BRDA:88,5,1,0
BRDA:101,6,0,0
BRDA:101,6,1,0
BRDA:101,7,0,0
BRDA:101,7,1,0
BRDA:113,8,0,0
BRDA:113,8,1,0
BRDA:123,9,0,0
BRDA:123,9,1,0
BRDA:139,10,0,0
BRDA:139,10,1,0
BRDA:141,11,0,0
BRDA:141,11,1,0
BRDA:150,12,0,0
BRDA:150,12,1,0
BRDA:157,13,0,0
BRDA:157,13,1,0
BRF:28
BRH:0
end_of_record
TN:
SF:src/routes/user/user.ts
FN:50,(anonymous_0)
FN:91,(anonymous_1)
FN:148,(anonymous_2)
FN:242,(anonymous_3)
FN:364,(anonymous_4)
FNF:5
FNH:0
FNDA:0,(anonymous_0)
FNDA:0,(anonymous_1)
FNDA:0,(anonymous_2)
FNDA:0,(anonymous_3)
FNDA:0,(anonymous_4)
DA:15,0
DA:46,0
DA:51,0
DA:52,0
DA:53,0
DA:55,0
DA:56,0
DA:88,0
DA:92,0
DA:93,0
DA:94,0
DA:95,0
DA:96,0
DA:97,0
DA:99,0
DA:103,0
DA:105,0
DA:106,0
DA:107,0
DA:145,0
DA:149,0
DA:150,0
DA:151,0
DA:152,0
DA:154,0
DA:155,0
DA:158,0
DA:160,0
DA:162,0
DA:164,0
DA:165,0
DA:167,0
DA:171,0
DA:172,0
DA:173,0
DA:175,0
DA:177,0
DA:178,0
DA:180,0
DA:184,0
DA:185,0
DA:188,0
DA:190,0
DA:191,0
DA:239,0
DA:243,0
DA:244,0
DA:245,0
DA:247,0
DA:248,0
DA:253,0
DA:260,0
DA:261,0
DA:262,0
DA:263,0
DA:264,0
DA:265,0
DA:272,0
DA:273,0
DA:274,0
DA:275,0
DA:277,0
DA:278,0
DA:280,0
DA:282,0
DA:284,0
DA:285,0
DA:286,0
DA:291,0
DA:298,0
DA:299,0
DA:300,0
DA:301,0
DA:302,0
DA:303,0
DA:307,0
DA:308,0
DA:311,0
DA:316,0
DA:318,0
DA:319,0
DA:320,0
DA:360,0
DA:365,0
DA:366,0
DA:368,0
DA:369,0
DA:370,0
DA:373,0
DA:374,0
DA:376,0
DA:378,0
DA:379,0
DA:380,0
DA:382,0
DA:385,0
DA:386,0
DA:387,0
DA:390,0
DA:392,0
DA:393,0
DA:395,0
DA:396,0
DA:397,0
LF:104
LH:0
BRDA:95,0,0,0
BRDA:95,0,1,0
BRDA:154,1,0,0
BRDA:154,1,1,0
BRDA:162,2,0,0
BRDA:162,2,1,0
BRDA:164,3,0,0
BRDA:164,3,1,0
BRDA:171,4,0,0
BRDA:171,4,1,0
BRDA:172,5,0,0
BRDA:172,5,1,0
BRDA:177,6,0,0
BRDA:177,6,1,0
BRDA:184,7,0,0
BRDA:184,7,1,0
BRDA:247,8,0,0
BRDA:247,8,1,0
BRDA:247,9,0,0
BRDA:247,9,1,0
BRDA:247,9,2,0
BRDA:247,9,3,0
BRDA:263,10,0,0
BRDA:263,10,1,0
BRDA:273,11,0,0
BRDA:273,11,1,0
BRDA:274,12,0,0
BRDA:274,12,1,0
BRDA:275,13,0,0
BRDA:275,13,1,0
BRDA:280,14,0,0
BRDA:280,14,1,0
BRDA:284,15,0,0
BRDA:284,15,1,0
BRDA:300,16,0,0
BRDA:300,16,1,0
BRDA:302,17,0,0
BRDA:302,17,1,0
BRDA:368,18,0,0
BRDA:368,18,1,0
BRDA:378,19,0,0
BRDA:378,19,1,0
BRDA:385,20,0,0
BRDA:385,20,1,0
BRF:44
BRH:0
end_of_record
TN:
SF:src/services/EncryptedUserService.ts
FN:53,(anonymous_0)
FN:61,(anonymous_1)
FN:71,(anonymous_2)
FN:104,(anonymous_3)
FN:122,(anonymous_4)
FN:124,(anonymous_5)
FN:130,(anonymous_6)
FN:139,(anonymous_7)
FN:151,(anonymous_8)
FN:170,(anonymous_9)
FN:198,(anonymous_10)
FN:234,(anonymous_11)
FN:245,(anonymous_12)
FN:257,(anonymous_13)
FN:268,(anonymous_14)
FN:275,(anonymous_15)
FN:289,(anonymous_16)
FN:300,(anonymous_17)
FN:307,(anonymous_18)
FNF:19
FNH:0
FNDA:0,(anonymous_0)
FNDA:0,(anonymous_1)
FNDA:0,(anonymous_2)
FNDA:0,(anonymous_3)
FNDA:0,(anonymous_4)
FNDA:0,(anonymous_5)
FNDA:0,(anonymous_6)
FNDA:0,(anonymous_7)
FNDA:0,(anonymous_8)
FNDA:0,(anonymous_9)
FNDA:0,(anonymous_10)
FNDA:0,(anonymous_11)
FNDA:0,(anonymous_12)
FNDA:0,(anonymous_13)
FNDA:0,(anonymous_14)
FNDA:0,(anonymous_15)
FNDA:0,(anonymous_16)
FNDA:0,(anonymous_17)
FNDA:0,(anonymous_18)
DA:54,0
DA:55,0
DA:62,0
DA:86,0
DA:94,0
DA:95,0
DA:98,0
DA:105,0
DA:106,0
DA:113,0
DA:123,0
DA:124,0
DA:131,0
DA:132,0
DA:133,0
DA:140,0
DA:141,0
DA:144,0
DA:145,0
DA:152,0
DA:153,0
DA:154,0
DA:155,0
DA:156,0
DA:157,0
DA:161,0
DA:164,0
DA:171,0
DA:177,0
DA:178,0
DA:179,0
DA:180,0
DA:181,0
DA:182,0
DA:184,0
DA:185,0
DA:187,0
DA:188,0
DA:191,0
DA:192,0
DA:202,0
DA:203,0
DA:205,0
DA:207,0
DA:208,0
DA:211,0
DA:212,0
DA:217,0
DA:218,0
DA:221,0
DA:223,0
DA:224,0
DA:225,0
DA:228,0
DA:235,0
DA:236,0
DA:238,0
DA:239,0
DA:246,0
DA:247,0
DA:249,0
DA:250,0
DA:251,0
DA:258,0
DA:259,0
DA:261,0
DA:262,0
DA:269,0
DA:279,0
DA:280,0
DA:282,0
DA:283,0
DA:290,0
DA:291,0
DA:293,0
DA:294,0
DA:301,0
DA:308,0
DA:309,0
LF:79
LH:0
BRDA:94,0,0,0
BRDA:94,0,1,0
BRDA:110,1,0,0
BRDA:110,1,1,0
BRDA:132,2,0,0
BRDA:132,2,1,0
BRDA:144,3,0,0
BRDA:144,3,1,0
BRDA:156,4,0,0
BRDA:156,4,1,0
BRDA:174,5,0,0
BRDA:174,5,1,0
BRDA:182,6,0,0
BRDA:182,6,1,0
BRDA:184,7,0,0
BRDA:184,7,1,0
BRDA:187,8,0,0
BRDA:187,8,1,0
BRDA:203,9,0,0
BRDA:203,9,1,0
BRDA:207,10,0,0
BRDA:207,10,1,0
BRDA:211,11,0,0
BRDA:211,11,1,0
BRDA:212,12,0,0
BRDA:212,12,1,0
BRDA:217,13,0,0
BRDA:217,13,1,0
BRDA:223,14,0,0
BRDA:223,14,1,0
BRDA:223,15,0,0
BRDA:223,15,1,0
BRDA:225,16,0,0
BRDA:225,16,1,0
BRDA:236,17,0,0
BRDA:236,17,1,0
BRDA:247,18,0,0
BRDA:247,18,1,0
BRDA:259,19,0,0
BRDA:259,19,1,0
BRDA:280,20,0,0
BRDA:280,20,1,0
BRDA:291,21,0,0
BRDA:291,21,1,0
BRF:44
BRH:0
end_of_record
TN:
SF:src/services/ExecutionService.ts
FN:18,(anonymous_0)
FN:28,(anonymous_1)
FN:35,(anonymous_2)
FN:59,(anonymous_3)
FN:72,(anonymous_4)
FN:76,(anonymous_5)
FN:98,(anonymous_6)
FN:161,(anonymous_7)
FN:182,(anonymous_8)
FN:227,(anonymous_9)
FN:259,(anonymous_10)
FN:294,(anonymous_11)
FN:307,(anonymous_12)
FN:320,(anonymous_13)
FN:357,(anonymous_14)
FN:385,(anonymous_15)
FN:392,(anonymous_16)
FN:480,(anonymous_17)
FN:495,(anonymous_18)
FN:519,(anonymous_19)
FN:538,(anonymous_20)
FN:549,(anonymous_21)
FN:567,(anonymous_22)
FN:606,(anonymous_23)
FNF:24
FNH:0
FNDA:0,(anonymous_0)
FNDA:0,(anonymous_1)
FNDA:0,(anonymous_2)
FNDA:0,(anonymous_3)
FNDA:0,(anonymous_4)
FNDA:0,(anonymous_5)
FNDA:0,(anonymous_6)
FNDA:0,(anonymous_7)
FNDA:0,(anonymous_8)
FNDA:0,(anonymous_9)
FNDA:0,(anonymous_10)
FNDA:0,(anonymous_11)
FNDA:0,(anonymous_12)
FNDA:0,(anonymous_13)
FNDA:0,(anonymous_14)
FNDA:0,(anonymous_15)
FNDA:0,(anonymous_16)
FNDA:0,(anonymous_17)
FNDA:0,(anonymous_18)
FNDA:0,(anonymous_19)
FNDA:0,(anonymous_20)
FNDA:0,(anonymous_21)
FNDA:0,(anonymous_22)
FNDA:0,(anonymous_23)
DA:14,0
DA:16,0
DA:19,0
DA:20,0
DA:21,0
DA:24,0
DA:25,0
DA:27,0
DA:28,0
DA:29,0
DA:32,0
DA:36,0
DA:37,0
DA:40,0
DA:41,0
DA:43,0
DA:44,0
DA:45,0
DA:48,0
DA:49,0
DA:50,0
DA:54,0
DA:56,0
DA:60,0
DA:61,0
DA:62,0
DA:63,0
DA:64,0
DA:67,0
DA:69,0
DA:73,0
DA:77,0
DA:78,0
DA:80,0
DA:86,0
DA:87,0
DA:90,0
DA:91,0
DA:94,0
DA:99,0
DA:101,0
DA:102,0
DA:106,0
DA:108,0
DA:111,0
DA:112,0
DA:115,0
DA:121,0
DA:123,0
DA:127,0
DA:132,0
DA:136,0
DA:137,0
DA:140,0
DA:141,0
DA:144,0
DA:148,0
DA:149,0
DA:150,0
DA:153,0
DA:154,0
DA:161,0
DA:162,0
DA:165,0
DA:167,0
DA:170,0
DA:172,0
DA:173,0
DA:186,0
DA:187,0
DA:189,0
DA:193,0
DA:195,0
DA:196,0
DA:203,0
DA:204,0
DA:207,0
DA:208,0
DA:215,0
DA:218,0
DA:219,0
DA:220,0
DA:224,0
DA:227,0
DA:233,0
DA:234,0
DA:235,0
DA:239,0
DA:240,0
DA:241,0
DA:243,0
DA:248,0
DA:249,0
DA:252,0
DA:259,0
DA:260,0
DA:261,0
DA:267,0
DA:269,0
DA:273,0
DA:279,0
DA:283,0
DA:286,0
DA:290,0
DA:294,0
DA:300,0
DA:304,0
DA:311,0
DA:312,0
DA:313,0
DA:314,0
DA:316,0
DA:320,0
DA:321,0
DA:322,0
DA:325,0
DA:327,0
DA:329,0
DA:333,0
DA:337,0
DA:341,0
DA:343,0
DA:346,0
DA:349,0
DA:362,0
DA:363,0
DA:365,0
DA:366,0
DA:367,0
DA:368,0
DA:370,0
DA:371,0
DA:375,0
DA:376,0
DA:382,0
DA:385,0
DA:386,0
DA:397,0
DA:399,0
DA:404,0
DA:405,0
DA:406,0
DA:407,0
DA:410,0
DA:415,0
DA:419,0
DA:424,0
DA:447,0
DA:452,0
DA:453,0
DA:456,0
DA:463,0
DA:467,0
DA:469,0
DA:476,0
DA:484,0
DA:486,0
DA:492,0
DA:502,0
DA:504,0
DA:505,0
DA:506,0
DA:508,0
DA:509,0
DA:511,0
DA:512,0
DA:514,0
DA:516,0
DA:525,0
DA:527,0
DA:535,0
DA:539,0
DA:541,0
DA:542,0
DA:544,0
DA:555,0
DA:557,0
DA:558,0
DA:559,0
DA:560,0
DA:561,0
DA:564,0
DA:575,0
DA:577,0
DA:578,0
DA:585,0
DA:586,0
DA:587,0
DA:588,0
DA:589,0
DA:596,0
DA:599,0
DA:610,0
DA:613,0
DA:614,0
DA:617,0
DA:618,0
DA:619,0
DA:622,0
DA:624,0
DA:625,0
DA:634,0
LF:202
LH:0
BRDA:19,0,0,0
BRDA:19,0,1,0
BRDA:36,1,0,0
BRDA:36,1,1,0
BRDA:43,2,0,0
BRDA:43,2,1,0
BRDA:61,3,0,0
BRDA:61,3,1,0
BRDA:86,4,0,0
BRDA:86,4,1,0
BRDA:111,5,0,0
BRDA:111,5,1,0
BRDA:129,6,0,0
BRDA:129,6,1,0
BRDA:136,7,0,0
BRDA:136,7,1,0
BRDA:153,8,0,0
BRDA:153,8,1,0
BRDA:190,9,0,0
BRDA:190,9,1,0
BRDA:195,10,0,0
BRDA:195,10,1,0
BRDA:203,11,0,0
BRDA:203,11,1,0
BRDA:207,12,0,0
BRDA:207,12,1,0
BRDA:207,13,0,0
BRDA:207,13,1,0
BRDA:219,14,0,0
BRDA:219,14,1,0
BRDA:234,15,0,0
BRDA:234,15,1,0
BRDA:235,16,0,0
BRDA:235,16,1,0
BRDA:245,17,0,0
BRDA:245,17,1,0
BRDA:246,18,0,0
BRDA:246,18,1,0
BRDA:248,19,0,0
BRDA:248,19,1,0
BRDA:264,20,0,0
BRDA:264,20,1,0
BRDA:265,21,0,0
BRDA:265,21,1,0
BRDA:313,22,0,0
BRDA:313,22,1,0
BRDA:313,23,0,0
BRDA:313,23,1,0
BRDA:375,24,0,0
BRDA:375,24,1,0
BRDA:406,25,0,0
BRDA:406,25,1,0
BRDA:452,26,0,0
BRDA:452,26,1,0
BRDA:453,27,0,0
BRDA:453,27,1,0
BRDA:467,28,0,0
BRDA:467,28,1,0
BRDA:505,29,0,0
BRDA:505,29,1,0
BRDA:508,30,0,0
BRDA:508,30,1,0
BRDA:511,31,0,0
BRDA:511,31,1,0
BRDA:532,32,0,0
BRDA:532,32,1,0
BRDA:560,33,0,0
BRDA:560,33,1,0
BRDA:577,34,0,0
BRDA:577,34,1,0
BRDA:587,35,0,0
BRDA:587,35,1,0
BRDA:613,36,0,0
BRDA:613,36,1,0
BRDA:613,37,0,0
BRDA:613,37,1,0
BRDA:618,38,0,0
BRDA:618,38,1,0
BRDA:624,39,0,0
BRDA:624,39,1,0
BRF:80
BRH:0
end_of_record
TN:
SF:src/services/ReactionExecutorRegistry.ts
FN:11,(anonymous_0)
FN:22,(anonymous_1)
FN:32,(anonymous_2)
FN:36,(anonymous_3)
FNF:4
FNH:0
FNDA:0,(anonymous_0)
FNDA:0,(anonymous_1)
FNDA:0,(anonymous_2)
FNDA:0,(anonymous_3)
DA:9,0
DA:12,0
DA:13,0
DA:18,0
DA:19,0
DA:23,0
DA:24,0
DA:25,0
DA:28,0
DA:29,0
DA:33,0
DA:40,0
DA:42,0
DA:43,0
DA:49,0
DA:50,0
DA:51,0
DA:57,0
DA:58,0
DA:60,0
DA:61,0
DA:69,0
LF:22
LH:0
BRDA:12,0,0,0
BRDA:12,0,1,0
BRDA:23,1,0,0
BRDA:23,1,1,0
BRDA:42,2,0,0
BRDA:42,2,1,0
BRDA:50,3,0,0
BRDA:50,3,1,0
BRF:8
BRH:0
end_of_record
TN:
SF:src/services/ServiceLoader.ts
FN:13,(anonymous_0)
FN:17,(anonymous_1)
FN:32,(anonymous_2)
FN:84,(anonymous_3)
FN:101,(anonymous_4)
FN:106,(anonymous_5)
FN:124,(anonymous_6)
FN:131,(anonymous_7)
FN:132,(anonymous_8)
FNF:9
FNH:0
FNDA:0,(anonymous_0)
FNDA:0,(anonymous_1)
FNDA:0,(anonymous_2)
FNDA:0,(anonymous_3)
FNDA:0,(anonymous_4)
FNDA:0,(anonymous_5)
FNDA:0,(anonymous_6)
FNDA:0,(anonymous_7)
FNDA:0,(anonymous_8)
DA:8,0
DA:14,0
DA:18,0
DA:19,0
DA:20,0
DA:23,0
DA:25,0
DA:26,0
DA:27,0
DA:33,0
DA:35,0
DA:36,0
DA:39,0
DA:40,0
DA:43,0
DA:44,0
DA:45,0
DA:46,0
DA:48,0
DA:51,0
DA:52,0
DA:54,0
DA:55,0
DA:60,0
DA:62,0
DA:63,0
DA:68,0
DA:69,0
DA:70,0
DA:73,0
DA:75,0
DA:76,0
DA:79,0
DA:80,0
DA:85,0
DA:86,0
DA:88,0
DA:89,0
DA:90,0
DA:91,0
DA:94,0
DA:97,0
DA:98,0
DA:102,0
DA:103,0
DA:107,0
DA:113,0
DA:114,0
DA:115,0
DA:116,0
DA:117,0
DA:121,0
DA:125,0
DA:126,0
DA:129,0
DA:131,0
DA:132,0
DA:136,0
LF:58
LH:0
BRDA:13,0,0,0
BRDA:18,1,0,0
BRDA:18,1,1,0
BRDA:26,2,0,0
BRDA:26,2,1,0
BRDA:35,3,0,0
BRDA:35,3,1,0
BRDA:43,4,0,0
BRDA:43,4,1,0
BRDA:45,5,0,0
BRDA:45,5,1,0
BRDA:54,6,0,0
BRDA:54,6,1,0
BRDA:62,7,0,0
BRDA:62,7,1,0
BRDA:68,8,0,0
BRDA:68,8,1,0
BRDA:75,9,0,0
BRDA:75,9,1,0
BRDA:90,10,0,0
BRDA:90,10,1,0
BRDA:115,11,0,0
BRDA:115,11,1,0
BRDA:115,12,0,0
BRDA:115,12,1,0
BRDA:125,13,0,0
BRDA:125,13,1,0
BRF:27
BRH:0
end_of_record
TN:
SF:src/services/ServiceRegistry.ts
FN:11,(anonymous_0)
FN:22,(anonymous_1)
FN:32,(anonymous_2)
FN:36,(anonymous_3)
FN:40,(anonymous_4)
FN:48,(anonymous_5)
FN:56,(anonymous_6)
FN:58,(anonymous_7)
FN:66,(anonymous_8)
FN:68,(anonymous_9)
FN:76,(anonymous_10)
FNF:11
FNH:0
FNDA:0,(anonymous_0)
FNDA:0,(anonymous_1)
FNDA:0,(anonymous_2)
FNDA:0,(anonymous_3)
FNDA:0,(anonymous_4)
FNDA:0,(anonymous_5)
FNDA:0,(anonymous_6)
FNDA:0,(anonymous_7)
FNDA:0,(anonymous_8)
FNDA:0,(anonymous_9)
FNDA:0,(anonymous_10)
DA:9,0
DA:12,0
DA:13,0
DA:16,0
DA:18,0
DA:19,0
DA:23,0
DA:24,0
DA:25,0
DA:28,0
DA:29,0
DA:33,0
DA:37,0
DA:41,0
DA:42,0
DA:43,0
DA:45,0
DA:49,0
DA:50,0
DA:51,0
DA:53,0
DA:57,0
DA:58,0
DA:59,0
DA:60,0
DA:63,0
DA:67,0
DA:68,0
DA:69,0
DA:70,0
DA:73,0
DA:77,0
DA:78,0
DA:81,0
DA:82,0
DA:85,0
DA:86,0
DA:89,0
DA:90,0
DA:93,0
DA:94,0
DA:95,0
DA:96,0
DA:100,0
DA:103,0
DA:104,0
DA:105,0
DA:106,0
DA:110,0
DA:115,0
LF:50
LH:0
BRDA:12,0,0,0
BRDA:12,0,1,0
BRDA:23,1,0,0
BRDA:23,1,1,0
BRDA:59,2,0,0
BRDA:59,2,1,0
BRDA:69,3,0,0
BRDA:69,3,1,0
BRDA:77,4,0,0
BRDA:77,4,1,0
BRDA:77,5,0,0
BRDA:77,5,1,0
BRDA:81,6,0,0
BRDA:81,6,1,0
BRDA:81,7,0,0
BRDA:81,7,1,0
BRDA:85,8,0,0
BRDA:85,8,1,0
BRDA:89,9,0,0
BRDA:89,9,1,0
BRDA:95,10,0,0
BRDA:95,10,1,0
BRDA:105,11,0,0
BRDA:105,11,1,0
BRF:24
BRH:0
end_of_record
TN:
SF:src/services/ServiceSubscriptionManager.ts
FN:7,(anonymous_0)
FN:26,(anonymous_1)
FN:38,(anonymous_2)
FN:66,(anonymous_3)
FN:98,(anonymous_4)
FN:145,(anonymous_5)
FN:158,(anonymous_6)
FNF:7
FNH:0
FNDA:0,(anonymous_0)
FNDA:0,(anonymous_1)
FNDA:0,(anonymous_2)
FNDA:0,(anonymous_3)
FNDA:0,(anonymous_4)
FNDA:0,(anonymous_5)
FNDA:0,(anonymous_6)
DA:8,0
DA:10,0
DA:11,0
DA:14,0
DA:23,0
DA:30,0
DA:42,0
DA:44,0
DA:51,0
DA:52,0
DA:53,0
DA:54,0
DA:56,0
DA:57,0
DA:58,0
DA:59,0
DA:60,0
DA:63,0
DA:70,0
DA:72,0
DA:79,0
DA:80,0
DA:83,0
DA:84,0
DA:86,0
DA:92,0
DA:93,0
DA:95,0
DA:102,0
DA:112,0
DA:113,0
DA:116,0
DA:119,0
DA:123,0
DA:125,0
DA:126,0
DA:127,0
DA:128,0
DA:131,0
DA:135,0
DA:139,0
DA:140,0
DA:148,0
DA:162,0
DA:164,0
DA:165,0
DA:168,0
DA:172,0
LF:48
LH:0
BRDA:10,0,0,0
BRDA:10,0,1,0
BRDA:23,1,0,0
BRDA:23,1,1,0
BRDA:51,2,0,0
BRDA:51,2,1,0
BRDA:79,3,0,0
BRDA:79,3,1,0
BRDA:112,4,0,0
BRDA:112,4,1,0
BRDA:127,5,0,0
BRDA:127,5,1,0
BRDA:164,6,0,0
BRDA:164,6,1,0
BRF:14
BRH:0
end_of_record
TN:
SF:src/services/services/facebook/oauth.ts
FN:33,(anonymous_0)
FN:47,(anonymous_1)
FN:58,(anonymous_2)
FN:92,(anonymous_3)
FN:115,(anonymous_4)
FN:145,(anonymous_5)
FN:160,(anonymous_6)
FNF:7
FNH:0
FNDA:0,(anonymous_0)
FNDA:0,(anonymous_1)
FNDA:0,(anonymous_2)
FNDA:0,(anonymous_3)
FNDA:0,(anonymous_4)
FNDA:0,(anonymous_5)
FNDA:0,(anonymous_6)
DA:34,0
DA:35,0
DA:36,0
DA:37,0
DA:39,0
DA:42,0
DA:43,0
DA:48,0
DA:55,0
DA:59,0
DA:65,0
DA:75,0
DA:76,0
DA:81,0
DA:84,0
DA:85,0
DA:89,0
DA:93,0
DA:97,0
DA:107,0
DA:108,0
DA:112,0
DA:119,0
DA:120,0
DA:126,0
DA:129,0
DA:130,0
DA:131,0
DA:132,0
DA:134,0
DA:141,0
DA:146,0
DA:147,0
DA:154,0
DA:155,0
DA:157,0
DA:161,0
DA:162,0
DA:168,0
DA:169,0
DA:170,0
DA:171,0
DA:172,0
DA:177,0
LF:44
LH:0
BRDA:34,0,0,0
BRDA:34,0,1,0
BRDA:35,1,0,0
BRDA:35,1,1,0
BRDA:36,2,0,0
BRDA:36,2,1,0
BRDA:38,3,0,0
BRDA:38,3,1,0
BRDA:40,4,0,0
BRDA:40,4,1,0
BRDA:42,5,0,0
BRDA:42,5,1,0
BRDA:42,6,0,0
BRDA:42,6,1,0
BRDA:42,6,2,0
BRDA:75,7,0,0
BRDA:75,7,1,0
BRDA:84,8,0,0
BRDA:84,8,1,0
BRDA:107,9,0,0
BRDA:107,9,1,0
BRDA:126,10,0,0
BRDA:126,10,1,0
BRDA:129,11,0,0
BRDA:129,11,1,0
BRDA:154,12,0,0
BRDA:154,12,1,0
BRDA:154,13,0,0
BRDA:154,13,1,0
BRDA:154,13,2,0
BRDA:168,14,0,0
BRDA:168,14,1,0
BRF:32
BRH:0
end_of_record
TN:
SF:src/services/services/facebook/passport.ts
FN:25,initializeFacebookPassport
FN:36,(anonymous_1)
FNF:2
FNH:0
FNDA:0,initializeFacebookPassport
FNDA:0,(anonymous_1)
DA:26,0
DA:44,0
DA:48,0
DA:55,0
DA:57,0
DA:65,0
DA:72,0
DA:73,0
DA:76,0
DA:80,0
DA:86,0
DA:91,0
DA:93,0
LF:13
LH:0
BRDA:58,0,0,0
BRDA:58,0,1,0
BRDA:59,1,0,0
BRDA:59,1,1,0
BRDA:60,2,0,0
BRDA:60,2,1,0
BRDA:67,3,0,0
BRDA:67,3,1,0
BRDA:68,4,0,0
BRDA:68,4,1,0
BRDA:69,5,0,0
BRDA:69,5,1,0
BRDA:72,6,0,0
BRDA:72,6,1,0
BRF:14
BRH:0
end_of_record
TN:
SF:src/services/services/github/actions.ts
FN:76,(anonymous_0)
FN:174,(anonymous_1)
FN:263,(anonymous_2)
FNF:3
FNH:0
FNDA:0,(anonymous_0)
FNDA:0,(anonymous_1)
FNDA:0,(anonymous_2)
DA:8,0
DA:78,0
DA:80,0
DA:82,0
DA:83,0
DA:176,0
DA:178,0
DA:180,0
DA:181,0
DA:265,0
DA:267,0
DA:269,0
DA:270,0
LF:13
LH:0
BRDA:80,0,0,0
BRDA:80,0,1,0
BRDA:178,1,0,0
BRDA:178,1,1,0
BRDA:267,2,0,0
BRDA:267,2,1,0
BRF:6
BRH:0
end_of_record
TN:
SF:src/services/services/github/executor.ts
FN:43,(anonymous_0)
FN:46,(anonymous_1)
FN:80,(anonymous_2)
FN:113,(anonymous_3)
FN:119,(anonymous_4)
FN:138,(anonymous_5)
FN:163,(anonymous_6)
FN:166,(anonymous_7)
FN:184,(anonymous_8)
FN:226,(anonymous_9)
FNF:10
FNH:0
FNDA:0,(anonymous_0)
FNDA:0,(anonymous_1)
FNDA:0,(anonymous_2)
FNDA:0,(anonymous_3)
FNDA:0,(anonymous_4)
FNDA:0,(anonymous_5)
FNDA:0,(anonymous_6)
FNDA:0,(anonymous_7)
FNDA:0,(anonymous_8)
FNDA:0,(anonymous_9)
DA:44,0
DA:49,0
DA:51,0
DA:52,0
DA:53,0
DA:54,0
DA:60,0
DA:62,0
DA:64,0
DA:66,0
DA:72,0
DA:73,0
DA:84,0
DA:92,0
DA:93,0
DA:99,0
DA:100,0
DA:101,0
DA:107,0
DA:112,0
DA:113,0
DA:116,0
DA:117,0
DA:119,0
DA:122,0
DA:123,0
DA:137,0
DA:138,0
DA:139,0
DA:143,0
DA:149,0
DA:150,0
DA:152,0
DA:163,0
DA:166,0
DA:177,0
DA:188,0
DA:194,0
DA:195,0
DA:202,0
DA:203,0
DA:204,0
DA:210,0
DA:211,0
DA:225,0
DA:226,0
DA:227,0
DA:233,0
DA:235,0
DA:257,0
DA:265,0
LF:51
LH:0
BRDA:44,0,0,0
BRDA:44,0,1,0
BRDA:53,1,0,0
BRDA:53,1,1,0
BRDA:60,2,0,0
BRDA:60,2,1,0
BRDA:60,2,2,0
BRDA:92,3,0,0
BRDA:92,3,1,0
BRDA:92,4,0,0
BRDA:92,4,1,0
BRDA:100,5,0,0
BRDA:100,5,1,0
BRDA:100,6,0,0
BRDA:100,6,1,0
BRDA:109,7,0,0
BRDA:109,7,1,0
BRDA:112,8,0,0
BRDA:112,8,1,0
BRDA:116,9,0,0
BRDA:116,9,1,0
BRDA:137,10,0,0
BRDA:137,10,1,0
BRDA:145,11,0,0
BRDA:145,11,1,0
BRDA:163,12,0,0
BRDA:163,12,1,0
BRDA:165,13,0,0
BRDA:165,13,1,0
BRDA:194,14,0,0
BRDA:194,14,1,0
BRDA:194,15,0,0
BRDA:194,15,1,0
BRDA:194,15,2,0
BRDA:203,16,0,0
BRDA:203,16,1,0
BRDA:203,17,0,0
BRDA:203,17,1,0
BRDA:225,18,0,0
BRDA:225,18,1,0
BRDA:229,19,0,0
BRDA:229,19,1,0
BRF:42
BRH:0
end_of_record
TN:
SF:src/services/services/github/oauth.ts
FN:38,(anonymous_0)
FN:52,(anonymous_1)
FN:62,(anonymous_2)
FN:97,(anonymous_3)
FN:113,(anonymous_4)
FN:131,(anonymous_5)
FN:164,(anonymous_6)
FN:182,(anonymous_7)
FNF:8
FNH:0
FNDA:0,(anonymous_0)
FNDA:0,(anonymous_1)
FNDA:0,(anonymous_2)
FNDA:0,(anonymous_3)
FNDA:0,(anonymous_4)
FNDA:0,(anonymous_5)
FNDA:0,(anonymous_6)
FNDA:0,(anonymous_7)
DA:39,0
DA:40,0
DA:41,0
DA:42,0
DA:44,0
DA:47,0
DA:48,0
DA:53,0
DA:59,0
DA:63,0
DA:80,0
DA:81,0
DA:86,0
DA:90,0
DA:91,0
DA:94,0
DA:98,0
DA:106,0
DA:107,0
DA:110,0
DA:114,0
DA:122,0
DA:123,0
DA:128,0
DA:135,0
DA:137,0
DA:144,0
DA:148,0
DA:149,0
DA:150,0
DA:151,0
DA:153,0
DA:160,0
DA:165,0
DA:167,0
DA:175,0
DA:176,0
DA:179,0
DA:183,0
DA:185,0
DA:192,0
DA:193,0
DA:194,0
DA:195,0
DA:196,0
DA:201,0
LF:46
LH:0
BRDA:39,0,0,0
BRDA:39,0,1,0
BRDA:40,1,0,0
BRDA:40,1,1,0
BRDA:41,2,0,0
BRDA:41,2,1,0
BRDA:43,3,0,0
BRDA:43,3,1,0
BRDA:45,4,0,0
BRDA:45,4,1,0
BRDA:47,5,0,0
BRDA:47,5,1,0
BRDA:47,6,0,0
BRDA:47,6,1,0
BRDA:47,6,2,0
BRDA:80,7,0,0
BRDA:80,7,1,0
BRDA:90,8,0,0
BRDA:90,8,1,0
BRDA:106,9,0,0
BRDA:106,9,1,0
BRDA:122,10,0,0
BRDA:122,10,1,0
BRDA:144,11,0,0
BRDA:144,11,1,0
BRDA:148,12,0,0
BRDA:148,12,1,0
BRDA:175,13,0,0
BRDA:175,13,1,0
BRDA:175,14,0,0
BRDA:175,14,1,0
BRDA:175,14,2,0
BRDA:192,15,0,0
BRDA:192,15,1,0
BRF:34
BRH:0
end_of_record
TN:
SF:src/services/services/github/passport.ts
FN:20,initializeGitHubPassport
FN:31,(anonymous_1)
FN:49,(anonymous_2)
FN:100,(anonymous_3)
FN:123,(anonymous_4)
FNF:5
FNH:0
FNDA:0,initializeGitHubPassport
FNDA:0,(anonymous_1)
FNDA:0,(anonymous_2)
FNDA:0,(anonymous_3)
FNDA:0,(anonymous_4)
DA:21,0
DA:39,0
DA:43,0
DA:44,0
DA:45,0
DA:46,0
DA:47,0
DA:48,0
DA:49,0
DA:51,0
DA:52,0
DA:55,0
DA:58,0
DA:64,0
DA:65,0
DA:68,0
DA:73,0
DA:76,0
DA:77,0
DA:84,0
DA:90,0
DA:108,0
DA:112,0
DA:113,0
DA:114,0
DA:115,0
DA:118,0
DA:119,0
DA:120,0
DA:121,0
DA:122,0
DA:123,0
DA:125,0
DA:126,0
DA:129,0
DA:133,0
DA:141,0
DA:142,0
DA:145,0
DA:151,0
DA:154,0
DA:156,0
DA:157,0
DA:160,0
DA:165,0
DA:171,0
DA:178,0
LF:47
LH:0
BRDA:25,0,0,0
BRDA:25,0,1,0
BRDA:26,1,0,0
BRDA:26,1,1,0
BRDA:27,2,0,0
BRDA:27,2,1,0
BRDA:44,3,0,0
BRDA:44,3,1,0
BRDA:45,4,0,0
BRDA:45,4,1,0
BRDA:45,5,0,0
BRDA:45,5,1,0
BRDA:49,6,0,0
BRDA:49,6,1,0
BRDA:51,7,0,0
BRDA:51,7,1,0
BRDA:62,8,0,0
BRDA:62,8,1,0
BRDA:62,8,2,0
BRDA:64,9,0,0
BRDA:64,9,1,0
BRDA:79,10,0,0
BRDA:79,10,1,0
BRDA:79,10,2,0
BRDA:94,11,0,0
BRDA:94,11,1,0
BRDA:95,12,0,0
BRDA:95,12,1,0
BRDA:96,13,0,0
BRDA:96,13,1,0
BRDA:114,14,0,0
BRDA:114,14,1,0
BRDA:118,15,0,0
BRDA:118,15,1,0
BRDA:119,16,0,0
BRDA:119,16,1,0
BRDA:119,17,0,0
BRDA:119,17,1,0
BRDA:123,18,0,0
BRDA:123,18,1,0
BRDA:125,19,0,0
BRDA:125,19,1,0
BRDA:138,20,0,0
BRDA:138,20,1,0
BRDA:138,20,2,0
BRDA:141,21,0,0
BRDA:141,21,1,0
BRDA:173,22,0,0
BRDA:173,22,1,0
BRDA:173,22,2,0
BRF:50
BRH:0
end_of_record
TN:
SF:src/services/services/github/reactions.ts
FNF:0
FNH:0
DA:4,0
LF:1
LH:0
BRF:0
BRH:0
end_of_record
TN:
SF:src/services/services/github/schemas.ts
FNF:0
FNH:0
DA:3,0
DA:24,0
DA:38,0
DA:52,0
DA:101,0
LF:5
LH:0
BRF:0
BRH:0
end_of_record
TN:
SF:src/services/services/github/webhookManager.ts
FN:16,(anonymous_0)
FN:21,(anonymous_1)
FN:40,(anonymous_2)
FN:154,(anonymous_3)
FN:197,(anonymous_4)
FN:209,(anonymous_5)
FN:282,(anonymous_6)
FN:323,(anonymous_7)
FN:328,(anonymous_8)
FN:340,(anonymous_9)
FN:344,(anonymous_10)
FNF:11
FNH:0
FNDA:0,(anonymous_0)
FNDA:0,(anonymous_1)
FNDA:0,(anonymous_2)
FNDA:0,(anonymous_3)
FNDA:0,(anonymous_4)
FNDA:0,(anonymous_5)
FNDA:0,(anonymous_6)
FNDA:0,(anonymous_7)
FNDA:0,(anonymous_8)
FNDA:0,(anonymous_9)
FNDA:0,(anonymous_10)
DA:17,0
DA:25,0
DA:29,0
DA:40,0
DA:41,0
DA:44,0
DA:45,0
DA:48,0
DA:51,0
DA:52,0
DA:53,0
DA:54,0
DA:57,0
DA:58,0
DA:60,0
DA:71,0
DA:73,0
DA:86,0
DA:87,0
DA:89,0
DA:90,0
DA:93,0
DA:98,0
DA:99,0
DA:102,0
DA:104,0
DA:107,0
DA:110,0
DA:111,0
DA:116,0
DA:127,0
DA:128,0
DA:131,0
DA:134,0
DA:135,0
DA:136,0
DA:137,0
DA:138,0
DA:139,0
DA:140,0
DA:141,0
DA:142,0
DA:145,0
DA:147,0
DA:151,0
DA:155,0
DA:165,0
DA:166,0
DA:169,0
DA:170,0
DA:171,0
DA:174,0
DA:175,0
DA:187,0
DA:188,0
DA:194,0
DA:198,0
DA:214,0
DA:224,0
DA:225,0
DA:228,0
DA:229,0
DA:230,0
DA:237,0
DA:242,0
DA:243,0
DA:248,0
DA:262,0
DA:263,0
DA:264,0
DA:267,0
DA:268,0
DA:270,0
DA:271,0
DA:273,0
DA:274,0
DA:277,0
DA:279,0
DA:287,0
DA:288,0
DA:300,0
DA:301,0
DA:304,0
DA:311,0
DA:312,0
DA:313,0
DA:317,0
DA:319,0
DA:324,0
DA:325,0
DA:329,0
DA:330,0
DA:331,0
DA:334,0
DA:337,0
DA:341,0
DA:345,0
DA:346,0
DA:347,0
DA:349,0
DA:353,0
LF:101
LH:0
BRDA:18,0,0,0
BRDA:18,0,1,0
BRDA:41,1,0,0
BRDA:41,1,1,0
BRDA:44,2,0,0
BRDA:44,2,1,0
BRDA:52,3,0,0
BRDA:52,3,1,0
BRDA:58,4,0,0
BRDA:58,4,1,0
BRDA:86,5,0,0
BRDA:86,5,1,0
BRDA:89,6,0,0
BRDA:89,6,1,0
BRDA:98,7,0,0
BRDA:98,7,1,0
BRDA:127,8,0,0
BRDA:127,8,1,0
BRDA:165,9,0,0
BRDA:165,9,1,0
BRDA:170,10,0,0
BRDA:170,10,1,0
BRDA:174,11,0,0
BRDA:174,11,1,0
BRDA:187,12,0,0
BRDA:187,12,1,0
BRDA:187,13,0,0
BRDA:187,13,1,0
BRDA:224,14,0,0
BRDA:224,14,1,0
BRDA:229,15,0,0
BRDA:229,15,1,0
BRDA:239,16,0,0
BRDA:239,16,1,0
BRDA:239,16,2,0
BRDA:242,17,0,0
BRDA:242,17,1,0
BRDA:262,18,0,0
BRDA:262,18,1,0
BRDA:267,19,0,0
BRDA:267,19,1,0
BRDA:270,20,0,0
BRDA:270,20,1,0
BRDA:273,21,0,0
BRDA:273,21,1,0
BRDA:300,22,0,0
BRDA:300,22,1,0
BRDA:312,23,0,0
BRDA:312,23,1,0
BRDA:324,24,0,0
BRDA:324,24,1,0
BRDA:330,25,0,0
BRDA:330,25,1,0
BRDA:330,26,0,0
BRDA:330,26,1,0
BRDA:345,27,0,0
BRDA:345,27,1,0
BRDA:347,28,0,0
BRDA:347,28,1,0
BRF:59
BRH:0
end_of_record
TN:
SF:src/services/services/google/actions.ts
FNF:0
FNH:0
DA:3,0
LF:1
LH:0
BRF:0
BRH:0
end_of_record
TN:
SF:src/services/services/google/executor.ts
FN:52,(anonymous_0)
FN:57,(anonymous_1)
FN:97,(anonymous_2)
FN:146,(anonymous_3)
FN:171,(anonymous_4)
FN:211,(anonymous_5)
FN:229,(anonymous_6)
FN:254,(anonymous_7)
FN:286,(anonymous_8)
FN:387,(anonymous_9)
FN:452,(anonymous_10)
FNF:11
FNH:0
FNDA:0,(anonymous_0)
FNDA:0,(anonymous_1)
FNDA:0,(anonymous_2)
FNDA:0,(anonymous_3)
FNDA:0,(anonymous_4)
FNDA:0,(anonymous_5)
FNDA:0,(anonymous_6)
FNDA:0,(anonymous_7)
FNDA:0,(anonymous_8)
FNDA:0,(anonymous_9)
FNDA:0,(anonymous_10)
DA:53,0
DA:60,0
DA:62,0
DA:63,0
DA:64,0
DA:65,0
DA:71,0
DA:73,0
DA:75,0
DA:77,0
DA:79,0
DA:81,0
DA:83,0
DA:89,0
DA:90,0
DA:101,0
DA:107,0
DA:108,0
DA:114,0
DA:115,0
DA:123,0
DA:129,0
DA:143,0
DA:144,0
DA:146,0
DA:147,0
DA:153,0
DA:154,0
DA:164,0
DA:176,0
DA:184,0
DA:185,0
DA:191,0
DA:192,0
DA:204,0
DA:205,0
DA:208,0
DA:209,0
DA:211,0
DA:214,0
DA:226,0
DA:227,0
DA:229,0
DA:230,0
DA:236,0
DA:237,0
DA:247,0
DA:258,0
DA:263,0
DA:264,0
DA:270,0
DA:271,0
DA:283,0
DA:284,0
DA:286,0
DA:287,0
DA:293,0
DA:294,0
DA:296,0
DA:297,0
DA:298,0
DA:302,0
DA:303,0
DA:326,0
DA:327,0
DA:328,0
DA:335,0
DA:336,0
DA:337,0
DA:338,0
DA:340,0
DA:343,0
DA:344,0
DA:350,0
DA:356,0
DA:358,0
DA:363,0
DA:370,0
DA:380,0
DA:391,0
DA:398,0
DA:399,0
DA:405,0
DA:407,0
DA:408,0
DA:409,0
DA:410,0
DA:413,0
DA:416,0
DA:417,0
DA:418,0
DA:419,0
DA:421,0
DA:428,0
DA:437,0
DA:449,0
DA:450,0
DA:452,0
DA:453,0
DA:459,0
DA:461,0
DA:474,0
DA:482,0
LF:103
LH:0
BRDA:54,0,0,0
BRDA:54,0,1,0
BRDA:64,1,0,0
BRDA:64,1,1,0
BRDA:73,2,0,0
BRDA:73,2,1,0
BRDA:73,2,2,0
BRDA:73,2,3,0
BRDA:73,2,4,0
BRDA:107,3,0,0
BRDA:107,3,1,0
BRDA:107,4,0,0
BRDA:107,4,1,0
BRDA:107,4,2,0
BRDA:143,5,0,0
BRDA:143,5,1,0
BRDA:149,6,0,0
BRDA:149,6,1,0
BRDA:184,7,0,0
BRDA:184,7,1,0
BRDA:184,8,0,0
BRDA:184,8,1,0
BRDA:184,8,2,0
BRDA:204,9,0,0
BRDA:204,9,1,0
BRDA:208,10,0,0
BRDA:208,10,1,0
BRDA:226,11,0,0
BRDA:226,11,1,0
BRDA:232,12,0,0
BRDA:232,12,1,0
BRDA:263,13,0,0
BRDA:263,13,1,0
BRDA:283,14,0,0
BRDA:283,14,1,0
BRDA:289,15,0,0
BRDA:289,15,1,0
BRDA:296,16,0,0
BRDA:296,16,1,0
BRDA:296,17,0,0
BRDA:296,17,1,0
BRDA:326,18,0,0
BRDA:326,18,1,0
BRDA:338,19,0,0
BRDA:338,19,1,0
BRDA:340,20,0,0
BRDA:340,20,1,0
BRDA:343,21,0,0
BRDA:343,21,1,0
BRDA:398,22,0,0
BRDA:398,22,1,0
BRDA:398,23,0,0
BRDA:398,23,1,0
BRDA:409,24,0,0
BRDA:409,24,1,0
BRDA:416,25,0,0
BRDA:416,25,1,0
BRDA:424,26,0,0
BRDA:424,26,1,0
BRDA:424,27,0,0
BRDA:424,27,1,0
BRDA:449,28,0,0
BRDA:449,28,1,0
BRDA:455,29,0,0
BRDA:455,29,1,0
BRDA:467,30,0,0
BRDA:467,30,1,0
BRDA:469,31,0,0
BRDA:469,31,1,0
BRF:69
BRH:0
end_of_record
TN:
SF:src/services/services/google/oauth.ts
FN:38,(anonymous_0)
FN:46,(anonymous_1)
FN:64,(anonymous_2)
FN:91,(anonymous_3)
FN:125,(anonymous_4)
FN:158,(anonymous_5)
FN:177,(anonymous_6)
FN:233,(anonymous_7)
FN:281,(anonymous_8)
FNF:9
FNH:0
FNDA:0,(anonymous_0)
FNDA:0,(anonymous_1)
FNDA:0,(anonymous_2)
FNDA:0,(anonymous_3)
FNDA:0,(anonymous_4)
FNDA:0,(anonymous_5)
FNDA:0,(anonymous_6)
FNDA:0,(anonymous_7)
FNDA:0,(anonymous_8)
DA:35,0
DA:36,0
DA:39,0
DA:40,0
DA:41,0
DA:42,0
DA:43,0
DA:47,0
DA:49,0
DA:50,0
DA:51,0
DA:52,0
DA:54,0
DA:57,0
DA:58,0
DA:61,0
DA:65,0
DA:66,0
DA:79,0
DA:88,0
DA:92,0
DA:93,0
DA:108,0
DA:109,0
DA:114,0
DA:118,0
DA:119,0
DA:122,0
DA:126,0
DA:127,0
DA:141,0
DA:142,0
DA:147,0
DA:151,0
DA:152,0
DA:155,0
DA:159,0
DA:160,0
DA:170,0
DA:171,0
DA:174,0
DA:181,0
DA:182,0
DA:184,0
DA:191,0
DA:195,0
DA:196,0
DA:197,0
DA:198,0
DA:200,0
DA:207,0
DA:210,0
DA:211,0
DA:218,0
DA:219,0
DA:220,0
DA:222,0
DA:228,0
DA:234,0
DA:236,0
DA:244,0
DA:245,0
DA:248,0
DA:249,0
DA:257,0
DA:258,0
DA:259,0
DA:262,0
DA:263,0
DA:271,0
DA:272,0
DA:275,0
DA:278,0
DA:282,0
DA:284,0
DA:297,0
DA:298,0
DA:299,0
DA:300,0
DA:301,0
DA:306,0
LF:81
LH:0
BRDA:47,0,0,0
BRDA:47,0,1,0
BRDA:49,1,0,0
BRDA:49,1,1,0
BRDA:50,2,0,0
BRDA:50,2,1,0
BRDA:51,3,0,0
BRDA:51,3,1,0
BRDA:53,4,0,0
BRDA:53,4,1,0
BRDA:55,5,0,0
BRDA:55,5,1,0
BRDA:57,6,0,0
BRDA:57,6,1,0
BRDA:57,7,0,0
BRDA:57,7,1,0
BRDA:57,7,2,0
BRDA:108,8,0,0
BRDA:108,8,1,0
BRDA:118,9,0,0
BRDA:118,9,1,0
BRDA:141,10,0,0
BRDA:141,10,1,0
BRDA:151,11,0,0
BRDA:151,11,1,0
BRDA:170,12,0,0
BRDA:170,12,1,0
BRDA:191,13,0,0
BRDA:191,13,1,0
BRDA:195,14,0,0
BRDA:195,14,1,0
BRDA:210,15,0,0
BRDA:210,15,1,0
BRDA:218,16,0,0
BRDA:218,16,1,0
BRDA:244,17,0,0
BRDA:244,17,1,0
BRDA:248,18,0,0
BRDA:248,18,1,0
BRDA:248,19,0,0
BRDA:248,19,1,0
BRDA:248,19,2,0
BRDA:257,20,0,0
BRDA:257,20,1,0
BRF:44
BRH:0
end_of_record
TN:
SF:src/services/services/google/passport.ts
FN:38,initializeGooglePassport
FN:49,(anonymous_1)
FN:114,(anonymous_2)
FNF:3
FNH:0
FNDA:0,initializeGooglePassport
FNDA:0,(anonymous_1)
FNDA:0,(anonymous_2)
DA:23,0
DA:25,0
DA:39,0
DA:57,0
DA:61,0
DA:62,0
DA:71,0
DA:72,0
DA:75,0
DA:83,0
DA:86,0
DA:88,0
DA:98,0
DA:104,0
DA:122,0
DA:126,0
DA:127,0
DA:128,0
DA:129,0
DA:132,0
DA:142,0
DA:143,0
DA:146,0
DA:154,0
DA:157,0
DA:159,0
DA:160,0
DA:163,0
DA:168,0
DA:174,0
DA:184,0
LF:31
LH:0
BRDA:43,0,0,0
BRDA:43,0,1,0
BRDA:44,1,0,0
BRDA:44,1,1,0
BRDA:45,2,0,0
BRDA:45,2,1,0
BRDA:65,3,0,0
BRDA:65,3,1,0
BRDA:66,4,0,0
BRDA:66,4,1,0
BRDA:66,4,2,0
BRDA:71,5,0,0
BRDA:71,5,1,0
BRDA:78,6,0,0
BRDA:78,6,1,0
BRDA:91,7,0,0
BRDA:91,7,1,0
BRDA:91,7,2,0
BRDA:94,8,0,0
BRDA:94,8,1,0
BRDA:108,9,0,0
BRDA:108,9,1,0
BRDA:109,10,0,0
BRDA:109,10,1,0
BRDA:110,11,0,0
BRDA:110,11,1,0
BRDA:128,12,0,0
BRDA:128,12,1,0
BRDA:136,13,0,0
BRDA:136,13,1,0
BRDA:137,14,0,0
BRDA:137,14,1,0
BRDA:137,14,2,0
BRDA:142,15,0,0
BRDA:142,15,1,0
BRDA:149,16,0,0
BRDA:149,16,1,0
BRDA:177,17,0,0
BRDA:177,17,1,0
BRDA:177,17,2,0
BRDA:180,18,0,0
BRDA:180,18,1,0
BRF:42
BRH:0
end_of_record
TN:
SF:src/services/services/google/reactions.ts
FNF:0
FNH:0
DA:8,0
LF:1
LH:0
BRF:0
BRH:0
end_of_record
TN:
SF:src/services/services/google/schemas.ts
FNF:0
FNH:0
DA:3,0
DA:37,0
DA:87,0
LF:3
LH:0
BRF:0
BRH:0
end_of_record
TN:
SF:src/services/services/microsoft/oauth.ts
FN:38,(anonymous_0)
FN:47,(anonymous_1)
FN:73,(anonymous_2)
FN:87,(anonymous_3)
FN:127,(anonymous_4)
FN:145,(anonymous_5)
FN:201,(anonymous_6)
FN:219,(anonymous_7)
FNF:8
FNH:0
FNDA:0,(anonymous_0)
FNDA:0,(anonymous_1)
FNDA:0,(anonymous_2)
FNDA:0,(anonymous_3)
FNDA:0,(anonymous_4)
FNDA:0,(anonymous_5)
FNDA:0,(anonymous_6)
FNDA:0,(anonymous_7)
DA:36,0
DA:39,0
DA:40,0
DA:41,0
DA:42,0
DA:43,0
DA:44,0
DA:48,0
DA:50,0
DA:51,0
DA:52,0
DA:53,0
DA:54,0
DA:57,0
DA:61,0
DA:67,0
DA:70,0
DA:74,0
DA:75,0
DA:84,0
DA:88,0
DA:89,0
DA:90,0
DA:98,0
DA:107,0
DA:108,0
DA:109,0
DA:110,0
DA:115,0
DA:119,0
DA:120,0
DA:121,0
DA:124,0
DA:128,0
DA:129,0
DA:136,0
DA:137,0
DA:142,0
DA:149,0
DA:150,0
DA:152,0
DA:159,0
DA:163,0
DA:164,0
DA:165,0
DA:166,0
DA:168,0
DA:175,0
DA:178,0
DA:179,0
DA:186,0
DA:187,0
DA:188,0
DA:190,0
DA:196,0
DA:202,0
DA:204,0
DA:212,0
DA:213,0
DA:216,0
DA:220,0
DA:222,0
DA:229,0
DA:230,0
DA:231,0
DA:232,0
DA:233,0
DA:238,0
LF:68
LH:0
BRDA:48,0,0,0
BRDA:48,0,1,0
BRDA:50,1,0,0
BRDA:50,1,1,0
BRDA:51,2,0,0
BRDA:51,2,1,0
BRDA:52,3,0,0
BRDA:52,3,1,0
BRDA:53,4,0,0
BRDA:53,4,1,0
BRDA:55,5,0,0
BRDA:55,5,1,0
BRDA:58,6,0,0
BRDA:58,6,1,0
BRDA:61,7,0,0
BRDA:61,7,1,0
BRDA:62,8,0,0
BRDA:62,8,1,0
BRDA:62,8,2,0
BRDA:62,8,3,0
BRDA:107,9,0,0
BRDA:107,9,1,0
BRDA:119,10,0,0
BRDA:119,10,1,0
BRDA:136,11,0,0
BRDA:136,11,1,0
BRDA:159,12,0,0
BRDA:159,12,1,0
BRDA:163,13,0,0
BRDA:163,13,1,0
BRDA:178,14,0,0
BRDA:178,14,1,0
BRDA:186,15,0,0
BRDA:186,15,1,0
BRDA:212,16,0,0
BRDA:212,16,1,0
BRDA:212,17,0,0
BRDA:212,17,1,0
BRDA:212,17,2,0
BRF:39
BRH:0
end_of_record
TN:
SF:src/services/services/microsoft/passport.ts
FN:20,initializeMicrosoftPassport
FN:24,(anonymous_1)
FN:70,(anonymous_2)
FNF:3
FNH:0
FNDA:0,initializeMicrosoftPassport
FNDA:0,(anonymous_1)
FNDA:0,(anonymous_2)
DA:21,0
DA:28,0
DA:29,0
DA:30,0
DA:31,0
DA:34,0
DA:35,0
DA:38,0
DA:45,0
DA:46,0
DA:49,0
DA:52,0
DA:54,0
DA:61,0
DA:67,0
DA:74,0
DA:75,0
DA:76,0
DA:77,0
DA:80,0
DA:81,0
DA:82,0
DA:85,0
DA:86,0
DA:90,0
DA:98,0
DA:99,0
DA:102,0
DA:105,0
DA:107,0
DA:108,0
DA:111,0
DA:116,0
DA:122,0
DA:129,0
LF:35
LH:0
BRDA:30,0,0,0
BRDA:30,0,1,0
BRDA:30,1,0,0
BRDA:30,1,1,0
BRDA:41,2,0,0
BRDA:41,2,1,0
BRDA:45,3,0,0
BRDA:45,3,1,0
BRDA:57,4,0,0
BRDA:57,4,1,0
BRDA:76,5,0,0
BRDA:76,5,1,0
BRDA:81,6,0,0
BRDA:81,6,1,0
BRDA:81,7,0,0
BRDA:81,7,1,0
BRDA:94,8,0,0
BRDA:94,8,1,0
BRDA:98,9,0,0
BRDA:98,9,1,0
BRDA:125,10,0,0
BRDA:125,10,1,0
BRF:22
BRH:0
end_of_record
TN:
SF:src/services/services/reddit/RedditScheduler.ts
FN:54,(anonymous_0)
FN:63,(anonymous_1)
FN:73,(anonymous_2)
FN:90,(anonymous_3)
FN:106,(anonymous_4)
FN:116,(anonymous_5)
FN:117,(anonymous_6)
FN:131,(anonymous_7)
FN:132,(anonymous_8)
FN:146,(anonymous_9)
FN:158,(anonymous_10)
FN:193,(anonymous_11)
FN:217,(anonymous_12)
FN:223,(anonymous_13)
FN:228,(anonymous_14)
FN:232,(anonymous_15)
FN:260,(anonymous_16)
FN:276,(anonymous_17)
FN:304,(anonymous_18)
FN:328,(anonymous_19)
FN:359,(anonymous_20)
FN:377,(anonymous_21)
FN:393,(anonymous_22)
FN:403,(anonymous_23)
FNF:24
FNH:0
FNDA:0,(anonymous_0)
FNDA:0,(anonymous_1)
FNDA:0,(anonymous_2)
FNDA:0,(anonymous_3)
FNDA:0,(anonymous_4)
FNDA:0,(anonymous_5)
FNDA:0,(anonymous_6)
FNDA:0,(anonymous_7)
FNDA:0,(anonymous_8)
FNDA:0,(anonymous_9)
FNDA:0,(anonymous_10)
FNDA:0,(anonymous_11)
FNDA:0,(anonymous_12)
FNDA:0,(anonymous_13)
FNDA:0,(anonymous_14)
FNDA:0,(anonymous_15)
FNDA:0,(anonymous_16)
FNDA:0,(anonymous_17)
FNDA:0,(anonymous_18)
FNDA:0,(anonymous_19)
FNDA:0,(anonymous_20)
FNDA:0,(anonymous_21)
FNDA:0,(anonymous_22)
FNDA:0,(anonymous_23)
DA:32,0
DA:33,0
DA:34,0
DA:44,0
DA:45,0
DA:46,0
DA:47,0
DA:49,0
DA:51,0
DA:52,0
DA:55,0
DA:56,0
DA:57,0
DA:60,0
DA:61,0
DA:63,0
DA:64,0
DA:67,0
DA:68,0
DA:74,0
DA:75,0
DA:76,0
DA:79,0
DA:80,0
DA:82,0
DA:83,0
DA:85,0
DA:86,0
DA:87,0
DA:91,0
DA:92,0
DA:95,0
DA:99,0
DA:101,0
DA:103,0
DA:106,0
DA:113,0
DA:116,0
DA:117,0
DA:121,0
DA:122,0
DA:125,0
DA:126,0
DA:129,0
DA:130,0
DA:131,0
DA:132,0
DA:133,0
DA:139,0
DA:142,0
DA:147,0
DA:148,0
DA:149,0
DA:150,0
DA:153,0
DA:154,0
DA:158,0
DA:164,0
DA:165,0
DA:168,0
DA:169,0
DA:170,0
DA:174,0
DA:175,0
DA:177,0
DA:178,0
DA:182,0
DA:183,0
DA:186,0
DA:197,0
DA:200,0
DA:202,0
DA:205,0
DA:208,0
DA:210,0
DA:212,0
DA:213,0
DA:216,0
DA:217,0
DA:219,0
DA:220,0
DA:223,0
DA:224,0
DA:226,0
DA:227,0
DA:228,0
DA:231,0
DA:232,0
DA:234,0
DA:238,0
DA:239,0
DA:243,0
DA:248,0
DA:253,0
DA:264,0
DA:265,0
DA:266,0
DA:270,0
DA:271,0
DA:272,0
DA:274,0
DA:275,0
DA:276,0
DA:279,0
DA:281,0
DA:282,0
DA:289,0
DA:290,0
DA:291,0
DA:294,0
DA:295,0
DA:296,0
DA:299,0
DA:300,0
DA:301,0
DA:302,0
DA:303,0
DA:304,0
DA:305,0
DA:308,0
DA:311,0
DA:312,0
DA:315,0
DA:318,0
DA:320,0
DA:324,0
DA:333,0
DA:352,0
DA:354,0
DA:364,0
DA:366,0
DA:374,0
DA:378,0
DA:379,0
DA:382,0
DA:383,0
DA:384,0
DA:390,0
DA:398,0
DA:399,0
DA:400,0
DA:404,0
DA:405,0
DA:406,0
DA:408,0
DA:412,0
LF:146
LH:0
BRDA:51,0,0,0
BRDA:51,0,1,0
BRDA:55,1,0,0
BRDA:55,1,1,0
BRDA:74,2,0,0
BRDA:74,2,1,0
BRDA:95,3,0,0
BRDA:95,3,1,0
BRDA:96,4,0,0
BRDA:96,4,1,0
BRDA:125,5,0,0
BRDA:125,5,1,0
BRDA:149,6,0,0
BRDA:149,6,1,0
BRDA:164,7,0,0
BRDA:164,7,1,0
BRDA:175,8,0,0
BRDA:175,8,1,0
BRDA:200,9,0,0
BRDA:200,9,1,0
BRDA:212,10,0,0
BRDA:212,10,1,0
BRDA:219,11,0,0
BRDA:219,11,1,0
BRDA:226,12,0,0
BRDA:226,12,1,0
BRDA:226,13,0,0
BRDA:226,13,1,0
BRDA:231,14,0,0
BRDA:231,14,1,0
BRDA:235,15,0,0
BRDA:235,15,1,0
BRDA:244,16,0,0
BRDA:244,16,1,0
BRDA:265,17,0,0
BRDA:265,17,1,0
BRDA:271,18,0,0
BRDA:271,18,1,0
BRDA:274,19,0,0
BRDA:274,19,1,0
BRDA:289,20,0,0
BRDA:289,20,1,0
BRDA:294,21,0,0
BRDA:294,21,1,0
BRDA:299,22,0,0
BRDA:299,22,1,0
BRDA:302,23,0,0
BRDA:302,23,1,0
BRDA:311,24,0,0
BRDA:311,24,1,0
BRDA:345,25,0,0
BRDA:345,25,1,0
BRDA:352,26,0,0
BRDA:352,26,1,0
BRDA:378,27,0,0
BRDA:378,27,1,0
BRDA:383,28,0,0
BRDA:383,28,1,0
BRF:58
BRH:0
end_of_record
TN:
SF:src/services/services/reddit/actions.ts
FNF:0
FNH:0
DA:4,0
LF:1
LH:0
BRF:0
BRH:0
end_of_record
TN:
SF:src/services/services/reddit/executor.ts
FN:9,(anonymous_0)
FN:58,(anonymous_1)
FN:113,(anonymous_2)
FN:214,(anonymous_3)
FN:215,(anonymous_4)
FNF:5
FNH:0
FNDA:0,(anonymous_0)
FNDA:0,(anonymous_1)
FNDA:0,(anonymous_2)
FNDA:0,(anonymous_3)
FNDA:0,(anonymous_4)
DA:12,0
DA:14,0
DA:15,0
DA:16,0
DA:17,0
DA:23,0
DA:28,0
DA:30,0
DA:36,0
DA:43,0
DA:49,0
DA:50,0
DA:62,0
DA:64,0
DA:65,0
DA:71,0
DA:73,0
DA:76,0
DA:90,0
DA:91,0
DA:92,0
DA:95,0
DA:103,0
DA:118,0
DA:120,0
DA:121,0
DA:127,0
DA:128,0
DA:129,0
DA:131,0
DA:132,0
DA:133,0
DA:134,0
DA:135,0
DA:136,0
DA:141,0
DA:143,0
DA:146,0
DA:152,0
DA:166,0
DA:167,0
DA:168,0
DA:173,0
DA:176,0
DA:189,0
DA:190,0
DA:191,0
DA:193,0
DA:204,0
DA:215,0
DA:216,0
DA:217,0
DA:219,0
DA:224,0
LF:54
LH:0
BRDA:16,0,0,0
BRDA:16,0,1,0
BRDA:28,1,0,0
BRDA:28,1,1,0
BRDA:28,1,2,0
BRDA:53,2,0,0
BRDA:53,2,1,0
BRDA:64,3,0,0
BRDA:64,3,1,0
BRDA:73,4,0,0
BRDA:73,4,1,0
BRDA:90,5,0,0
BRDA:90,5,1,0
BRDA:106,6,0,0
BRDA:106,6,1,0
BRDA:120,7,0,0
BRDA:120,7,1,0
BRDA:120,8,0,0
BRDA:120,8,1,0
BRDA:132,9,0,0
BRDA:132,9,1,0
BRDA:135,10,0,0
BRDA:135,10,1,0
BRDA:143,11,0,0
BRDA:143,11,1,0
BRDA:166,12,0,0
BRDA:166,12,1,0
BRDA:197,13,0,0
BRDA:197,13,1,0
BRDA:198,14,0,0
BRDA:198,14,1,0
BRDA:207,15,0,0
BRDA:207,15,1,0
BRDA:216,16,0,0
BRDA:216,16,1,0
BRDA:216,17,0,0
BRDA:216,17,1,0
BRDA:216,17,2,0
BRF:38
BRH:0
end_of_record
TN:
SF:src/services/services/reddit/oauth.ts
FN:34,(anonymous_0)
FN:51,(anonymous_1)
FN:63,(anonymous_2)
FN:102,(anonymous_3)
FN:117,(anonymous_4)
FN:150,(anonymous_5)
FN:168,(anonymous_6)
FNF:7
FNH:0
FNDA:0,(anonymous_0)
FNDA:0,(anonymous_1)
FNDA:0,(anonymous_2)
FNDA:0,(anonymous_3)
FNDA:0,(anonymous_4)
FNDA:0,(anonymous_5)
FNDA:0,(anonymous_6)
DA:35,0
DA:36,0
DA:37,0
DA:38,0
DA:40,0
DA:42,0
DA:46,0
DA:47,0
DA:52,0
DA:60,0
DA:64,0
DA:68,0
DA:85,0
DA:86,0
DA:91,0
DA:95,0
DA:96,0
DA:99,0
DA:103,0
DA:110,0
DA:111,0
DA:114,0
DA:121,0
DA:123,0
DA:130,0
DA:134,0
DA:135,0
DA:136,0
DA:137,0
DA:139,0
DA:146,0
DA:151,0
DA:153,0
DA:161,0
DA:162,0
DA:165,0
DA:169,0
DA:171,0
DA:178,0
DA:179,0
DA:180,0
DA:181,0
DA:182,0
DA:187,0
LF:44
LH:0
BRDA:35,0,0,0
BRDA:35,0,1,0
BRDA:36,1,0,0
BRDA:36,1,1,0
BRDA:37,2,0,0
BRDA:37,2,1,0
BRDA:39,3,0,0
BRDA:39,3,1,0
BRDA:41,4,0,0
BRDA:41,4,1,0
BRDA:43,5,0,0
BRDA:43,5,1,0
BRDA:46,6,0,0
BRDA:46,6,1,0
BRDA:46,7,0,0
BRDA:46,7,1,0
BRDA:85,8,0,0
BRDA:85,8,1,0
BRDA:95,9,0,0
BRDA:95,9,1,0
BRDA:110,10,0,0
BRDA:110,10,1,0
BRDA:130,11,0,0
BRDA:130,11,1,0
BRDA:134,12,0,0
BRDA:134,12,1,0
BRDA:161,13,0,0
BRDA:161,13,1,0
BRDA:161,14,0,0
BRDA:161,14,1,0
BRDA:161,14,2,0
BRDA:178,15,0,0
BRDA:178,15,1,0
BRF:33
BRH:0
end_of_record
TN:
SF:src/services/services/reddit/passport.ts
FN:16,initializeRedditPassport
FN:34,(anonymous_1)
FN:120,(anonymous_2)
FNF:3
FNH:0
FNDA:0,initializeRedditPassport
FNDA:0,(anonymous_1)
FNDA:0,(anonymous_2)
DA:18,0
DA:19,0
DA:21,0
DA:41,0
DA:46,0
DA:47,0
DA:48,0
DA:49,0
DA:52,0
DA:54,0
DA:62,0
DA:63,0
DA:66,0
DA:73,0
DA:76,0
DA:78,0
DA:79,0
DA:82,0
DA:84,0
DA:90,0
DA:96,0
DA:101,0
DA:118,0
DA:120,0
DA:131,0
DA:132,0
DA:133,0
DA:135,0
DA:141,0
DA:144,0
LF:30
LH:0
BRDA:18,0,0,0
BRDA:18,0,1,0
BRDA:25,1,0,0
BRDA:25,1,1,0
BRDA:26,2,0,0
BRDA:26,2,1,0
BRDA:27,3,0,0
BRDA:27,3,1,0
BRDA:48,4,0,0
BRDA:48,4,1,0
BRDA:62,5,0,0
BRDA:62,5,1,0
BRDA:69,6,0,0
BRDA:69,6,1,0
BRDA:131,7,0,0
BRDA:131,7,1,0
BRDA:132,8,0,0
BRDA:132,8,1,0
BRF:18
BRH:0
end_of_record
TN:
SF:src/services/services/reddit/reactions.ts
FNF:0
FNH:0
DA:4,0
LF:1
LH:0
BRF:0
BRH:0
end_of_record
TN:
SF:src/services/services/reddit/schemas.ts
FNF:0
FNH:0
DA:3,0
DA:17,0
DA:31,0
LF:3
LH:0
BRF:0
BRH:0
end_of_record
TN:
SF:src/services/services/slack/actions.ts
FN:12,resolveChannelId
FN:42,decryptToken
FN:93,(anonymous_2)
FN:176,(anonymous_3)
FN:220,(anonymous_4)
FNF:5
FNH:0
FNDA:0,resolveChannelId
FNDA:0,decryptToken
FNDA:0,(anonymous_2)
FNDA:0,(anonymous_3)
FNDA:0,(anonymous_4)
DA:16,0
DA:17,0
DA:18,0
DA:26,0
DA:27,0
DA:28,0
DA:31,0
DA:32,0
DA:37,0
DA:38,0
DA:43,0
DA:44,0
DA:45,0
DA:46,0
DA:47,0
DA:49,0
DA:50,0
DA:51,0
DA:53,0
DA:55,0
DA:56,0
DA:61,0
DA:94,0
DA:103,0
DA:105,0
DA:106,0
DA:108,0
DA:112,0
DA:177,0
DA:182,0
DA:183,0
DA:185,0
DA:221,0
DA:230,0
DA:231,0
DA:232,0
DA:234,0
DA:238,0
DA:239,0
DA:243,0
DA:244,0
DA:248,0
DA:251,0
LF:43
LH:0
BRDA:26,0,0,0
BRDA:26,0,1,0
BRDA:46,1,0,0
BRDA:46,1,1,0
BRDA:46,2,0,0
BRDA:46,2,1,0
BRDA:46,2,2,0
BRDA:50,3,0,0
BRDA:50,3,1,0
BRDA:103,4,0,0
BRDA:103,4,1,0
BRDA:106,5,0,0
BRDA:106,5,1,0
BRDA:108,6,0,0
BRDA:108,6,1,0
BRDA:183,7,0,0
BRDA:183,7,1,0
BRDA:231,8,0,0
BRDA:231,8,1,0
BRDA:232,9,0,0
BRDA:232,9,1,0
BRDA:234,10,0,0
BRDA:234,10,1,0
BRDA:238,11,0,0
BRDA:238,11,1,0
BRDA:244,12,0,0
BRDA:244,12,1,0
BRDA:245,13,0,0
BRDA:245,13,1,0
BRF:29
BRH:0
end_of_record
TN:
SF:src/services/services/slack/executor.ts
FN:45,(anonymous_0)
FN:75,(anonymous_1)
FN:83,(anonymous_2)
FN:164,(anonymous_3)
FN:237,(anonymous_4)
FN:322,(anonymous_5)
FN:389,(anonymous_6)
FN:430,(anonymous_7)
FNF:8
FNH:0
FNDA:0,(anonymous_0)
FNDA:0,(anonymous_1)
FNDA:0,(anonymous_2)
FNDA:0,(anonymous_3)
FNDA:0,(anonymous_4)
FNDA:0,(anonymous_5)
FNDA:0,(anonymous_6)
FNDA:0,(anonymous_7)
DA:49,0
DA:50,0
DA:53,0
DA:57,0
DA:67,0
DA:68,0
DA:69,0
DA:72,0
DA:75,0
DA:77,0
DA:78,0
DA:81,0
DA:86,0
DA:87,0
DA:89,0
DA:90,0
DA:92,0
DA:93,0
DA:94,0
DA:95,0
DA:100,0
DA:107,0
DA:108,0
DA:112,0
DA:114,0
DA:121,0
DA:127,0
DA:133,0
DA:139,0
DA:144,0
DA:151,0
DA:152,0
DA:157,0
DA:169,0
DA:171,0
DA:175,0
DA:176,0
DA:181,0
DA:186,0
DA:187,0
DA:190,0
DA:202,0
DA:203,0
DA:205,0
DA:206,0
DA:208,0
DA:210,0
DA:215,0
DA:218,0
DA:219,0
DA:221,0
DA:224,0
DA:226,0
DA:241,0
DA:243,0
DA:245,0
DA:255,0
DA:261,0
DA:262,0
DA:267,0
DA:268,0
DA:273,0
DA:274,0
DA:277,0
DA:278,0
DA:279,0
DA:282,0
DA:284,0
DA:300,0
DA:301,0
DA:302,0
DA:305,0
DA:311,0
DA:326,0
DA:328,0
DA:342,0
DA:343,0
DA:344,0
DA:347,0
DA:349,0
DA:350,0
DA:353,0
DA:354,0
DA:369,0
DA:370,0
DA:371,0
DA:374,0
DA:376,0
DA:378,0
DA:393,0
DA:395,0
DA:397,0
DA:407,0
DA:413,0
DA:414,0
DA:419,0
DA:420,0
DA:425,0
DA:426,0
DA:429,0
DA:430,0
DA:432,0
DA:433,0
DA:438,0
DA:440,0
DA:452,0
DA:454,0
DA:455,0
DA:458,0
DA:459,0
DA:462,0
DA:464,0
DA:475,0
LF:113
LH:0
BRDA:49,0,0,0
BRDA:49,0,1,0
BRDA:53,1,0,0
BRDA:53,1,1,0
BRDA:67,2,0,0
BRDA:67,2,1,0
BRDA:77,3,0,0
BRDA:77,3,1,0
BRDA:92,4,0,0
BRDA:92,4,1,0
BRDA:94,5,0,0
BRDA:94,5,1,0
BRDA:112,6,0,0
BRDA:112,6,1,0
BRDA:112,6,2,0
BRDA:112,6,3,0
BRDA:112,6,4,0
BRDA:151,7,0,0
BRDA:151,7,1,0
BRDA:167,8,0,0
BRDA:175,9,0,0
BRDA:175,9,1,0
BRDA:186,10,0,0
BRDA:186,10,1,0
BRDA:202,11,0,0
BRDA:202,11,1,0
BRDA:211,12,0,0
BRDA:211,12,1,0
BRDA:261,13,0,0
BRDA:261,13,1,0
BRDA:267,14,0,0
BRDA:267,14,1,0
BRDA:269,15,0,0
BRDA:269,15,1,0
BRDA:273,16,0,0
BRDA:273,16,1,0
BRDA:273,17,0,0
BRDA:273,17,1,0
BRDA:278,18,0,0
BRDA:278,18,1,0
BRDA:300,19,0,0
BRDA:300,19,1,0
BRDA:342,20,0,0
BRDA:342,20,1,0
BRDA:349,21,0,0
BRDA:349,21,1,0
BRDA:349,22,0,0
BRDA:349,22,1,0
BRDA:369,23,0,0
BRDA:369,23,1,0
BRDA:413,24,0,0
BRDA:413,24,1,0
BRDA:419,25,0,0
BRDA:419,25,1,0
BRDA:421,26,0,0
BRDA:421,26,1,0
BRDA:425,27,0,0
BRDA:425,27,1,0
BRDA:425,28,0,0
BRDA:425,28,1,0
BRDA:430,29,0,0
BRDA:430,29,1,0
BRDA:432,30,0,0
BRDA:432,30,1,0
BRDA:454,31,0,0
BRDA:454,31,1,0
BRDA:458,32,0,0
BRDA:458,32,1,0
BRF:68
BRH:0
end_of_record
TN:
SF:src/services/services/slack/oauth.ts
FN:60,(anonymous_0)
FN:74,(anonymous_1)
FN:79,(anonymous_2)
FN:93,(anonymous_3)
FN:107,(anonymous_4)
FN:120,(anonymous_5)
FN:151,(anonymous_6)
FN:155,(anonymous_7)
FN:198,(anonymous_8)
FN:254,(anonymous_9)
FN:272,(anonymous_10)
FN:290,(anonymous_11)
FNF:12
FNH:0
FNDA:0,(anonymous_0)
FNDA:0,(anonymous_1)
FNDA:0,(anonymous_2)
FNDA:0,(anonymous_3)
FNDA:0,(anonymous_4)
FNDA:0,(anonymous_5)
FNDA:0,(anonymous_6)
FNDA:0,(anonymous_7)
FNDA:0,(anonymous_8)
FNDA:0,(anonymous_9)
FNDA:0,(anonymous_10)
FNDA:0,(anonymous_11)
DA:61,0
DA:62,0
DA:63,0
DA:64,0
DA:66,0
DA:69,0
DA:70,0
DA:75,0
DA:76,0
DA:80,0
DA:81,0
DA:82,0
DA:88,0
DA:90,0
DA:97,0
DA:101,0
DA:108,0
DA:117,0
DA:121,0
DA:134,0
DA:135,0
DA:140,0
DA:144,0
DA:145,0
DA:148,0
DA:152,0
DA:156,0
DA:163,0
DA:164,0
DA:169,0
DA:175,0
DA:176,0
DA:179,0
DA:189,0
DA:190,0
DA:195,0
DA:202,0
DA:204,0
DA:211,0
DA:213,0
DA:214,0
DA:215,0
DA:217,0
DA:223,0
DA:226,0
DA:227,0
DA:234,0
DA:239,0
DA:240,0
DA:241,0
DA:243,0
DA:249,0
DA:255,0
DA:257,0
DA:265,0
DA:266,0
DA:269,0
DA:273,0
DA:275,0
DA:283,0
DA:284,0
DA:287,0
DA:291,0
DA:293,0
DA:306,0
DA:307,0
DA:308,0
DA:309,0
DA:310,0
DA:315,0
LF:70
LH:0
BRDA:61,0,0,0
BRDA:61,0,1,0
BRDA:62,1,0,0
BRDA:62,1,1,0
BRDA:63,2,0,0
BRDA:63,2,1,0
BRDA:65,3,0,0
BRDA:65,3,1,0
BRDA:67,4,0,0
BRDA:67,4,1,0
BRDA:69,5,0,0
BRDA:69,5,1,0
BRDA:69,6,0,0
BRDA:69,6,1,0
BRDA:69,6,2,0
BRDA:82,7,0,0
BRDA:82,7,1,0
BRDA:83,8,0,0
BRDA:83,8,1,0
BRDA:83,8,2,0
BRDA:83,8,3,0
BRDA:134,9,0,0
BRDA:134,9,1,0
BRDA:144,10,0,0
BRDA:144,10,1,0
BRDA:144,11,0,0
BRDA:144,11,1,0
BRDA:163,12,0,0
BRDA:163,12,1,0
BRDA:175,13,0,0
BRDA:175,13,1,0
BRDA:189,14,0,0
BRDA:189,14,1,0
BRDA:213,15,0,0
BRDA:213,15,1,0
BRDA:226,16,0,0
BRDA:226,16,1,0
BRDA:239,17,0,0
BRDA:239,17,1,0
BRDA:247,18,0,0
BRDA:247,18,1,0
BRDA:265,19,0,0
BRDA:265,19,1,0
BRDA:283,20,0,0
BRDA:283,20,1,0
BRF:45
BRH:0
end_of_record
TN:
SF:src/services/services/slack/passport.ts
FN:17,initializeSlackPassport
FN:21,(anonymous_1)
FNF:2
FNH:0
FNDA:0,initializeSlackPassport
FNDA:0,(anonymous_1)
DA:18,0
DA:25,0
DA:26,0
DA:27,0
DA:28,0
DA:31,0
DA:32,0
DA:33,0
DA:36,0
DA:37,0
DA:39,0
DA:47,0
DA:48,0
DA:51,0
DA:54,0
DA:56,0
DA:57,0
DA:60,0
DA:62,0
DA:68,0
DA:75,0
LF:21
LH:0
BRDA:27,0,0,0
BRDA:27,0,1,0
BRDA:32,1,0,0
BRDA:32,1,1,0
BRDA:32,2,0,0
BRDA:32,2,1,0
BRDA:43,3,0,0
BRDA:43,3,1,0
BRDA:44,4,0,0
BRDA:44,4,1,0
BRDA:47,5,0,0
BRDA:47,5,1,0
BRDA:70,6,0,0
BRDA:70,6,1,0
BRDA:71,7,0,0
BRDA:71,7,1,0
BRF:16
BRH:0
end_of_record
TN:
SF:src/services/services/slack/reactions.ts
FNF:0
FNH:0
DA:4,0
LF:1
LH:0
BRF:0
BRH:0
end_of_record
TN:
SF:src/services/services/slack/schemas.ts
FNF:0
FNH:0
DA:4,0
DA:18,0
DA:24,0
DA:39,0
LF:4
LH:0
BRF:0
BRH:0
end_of_record
TN:
SF:src/services/services/spotify/SpotifyScheduler.ts
FN:65,(anonymous_0)
FN:73,(anonymous_1)
FN:80,(anonymous_2)
FN:95,(anonymous_3)
FN:111,(anonymous_4)
FN:121,(anonymous_5)
FN:122,(anonymous_6)
FN:136,(anonymous_7)
FN:137,(anonymous_8)
FN:148,(anonymous_9)
FN:171,(anonymous_10)
FN:246,(anonymous_11)
FN:255,(anonymous_12)
FN:269,(anonymous_13)
FN:275,(anonymous_14)
FN:298,(anonymous_15)
FN:322,(anonymous_16)
FN:323,(anonymous_17)
FN:324,(anonymous_18)
FN:361,(anonymous_19)
FN:362,(anonymous_20)
FN:363,(anonymous_21)
FN:382,(anonymous_22)
FN:398,(anonymous_23)
FN:412,(anonymous_24)
FN:418,(anonymous_25)
FN:421,(anonymous_26)
FN:433,(anonymous_27)
FN:441,(anonymous_28)
FN:453,(anonymous_29)
FN:461,(anonymous_30)
FN:487,(anonymous_31)
FN:513,(anonymous_32)
FN:539,(anonymous_33)
FN:558,(anonymous_34)
FNF:35
FNH:0
FNDA:0,(anonymous_0)
FNDA:0,(anonymous_1)
FNDA:0,(anonymous_2)
FNDA:0,(anonymous_3)
FNDA:0,(anonymous_4)
FNDA:0,(anonymous_5)
FNDA:0,(anonymous_6)
FNDA:0,(anonymous_7)
FNDA:0,(anonymous_8)
FNDA:0,(anonymous_9)
FNDA:0,(anonymous_10)
FNDA:0,(anonymous_11)
FNDA:0,(anonymous_12)
FNDA:0,(anonymous_13)
FNDA:0,(anonymous_14)
FNDA:0,(anonymous_15)
FNDA:0,(anonymous_16)
FNDA:0,(anonymous_17)
FNDA:0,(anonymous_18)
FNDA:0,(anonymous_19)
FNDA:0,(anonymous_20)
FNDA:0,(anonymous_21)
FNDA:0,(anonymous_22)
FNDA:0,(anonymous_23)
FNDA:0,(anonymous_24)
FNDA:0,(anonymous_25)
FNDA:0,(anonymous_26)
FNDA:0,(anonymous_27)
FNDA:0,(anonymous_28)
FNDA:0,(anonymous_29)
FNDA:0,(anonymous_30)
FNDA:0,(anonymous_31)
FNDA:0,(anonymous_32)
FNDA:0,(anonymous_33)
FNDA:0,(anonymous_34)
DA:38,0
DA:39,0
DA:40,0
DA:49,0
DA:50,0
DA:54,0
DA:55,0
DA:56,0
DA:58,0
DA:59,0
DA:60,0
DA:62,0
DA:63,0
DA:66,0
DA:67,0
DA:68,0
DA:71,0
DA:73,0
DA:74,0
DA:77,0
DA:81,0
DA:82,0
DA:83,0
DA:86,0
DA:88,0
DA:89,0
DA:91,0
DA:92,0
DA:96,0
DA:97,0
DA:100,0
DA:104,0
DA:106,0
DA:108,0
DA:111,0
DA:118,0
DA:121,0
DA:122,0
DA:126,0
DA:127,0
DA:130,0
DA:131,0
DA:134,0
DA:135,0
DA:136,0
DA:137,0
DA:138,0
DA:141,0
DA:144,0
DA:149,0
DA:150,0
DA:151,0
DA:152,0
DA:155,0
DA:158,0
DA:160,0
DA:161,0
DA:164,0
DA:165,0
DA:167,0
DA:172,0
DA:173,0
DA:177,0
DA:178,0
DA:181,0
DA:182,0
DA:183,0
DA:184,0
DA:186,0
DA:187,0
DA:188,0
DA:189,0
DA:192,0
DA:194,0
DA:195,0
DA:196,0
DA:198,0
DA:199,0
DA:200,0
DA:207,0
DA:211,0
DA:212,0
DA:218,0
DA:227,0
DA:233,0
DA:234,0
DA:238,0
DA:240,0
DA:244,0
DA:247,0
DA:248,0
DA:252,0
DA:254,0
DA:255,0
DA:257,0
DA:258,0
DA:260,0
DA:262,0
DA:263,0
DA:264,0
DA:265,0
DA:268,0
DA:269,0
DA:272,0
DA:273,0
DA:275,0
DA:276,0
DA:279,0
DA:280,0
DA:289,0
DA:294,0
DA:302,0
DA:303,0
DA:304,0
DA:307,0
DA:308,0
DA:309,0
DA:312,0
DA:313,0
DA:316,0
DA:317,0
DA:318,0
DA:320,0
DA:321,0
DA:322,0
DA:323,0
DA:324,0
DA:329,0
DA:331,0
DA:332,0
DA:339,0
DA:341,0
DA:342,0
DA:343,0
DA:344,0
DA:350,0
DA:351,0
DA:353,0
DA:356,0
DA:357,0
DA:358,0
DA:359,0
DA:360,0
DA:361,0
DA:362,0
DA:363,0
DA:366,0
DA:368,0
DA:371,0
DA:372,0
DA:375,0
DA:377,0
DA:378,0
DA:383,0
DA:384,0
DA:386,0
DA:387,0
DA:390,0
DA:391,0
DA:392,0
DA:395,0
DA:399,0
DA:400,0
DA:402,0
DA:406,0
DA:408,0
DA:413,0
DA:415,0
DA:416,0
DA:418,0
DA:422,0
DA:423,0
DA:426,0
DA:427,0
DA:430,0
DA:434,0
DA:435,0
DA:436,0
DA:438,0
DA:442,0
DA:443,0
DA:450,0
DA:457,0
DA:458,0
DA:466,0
DA:492,0
DA:494,0
DA:518,0
DA:520,0
DA:544,0
DA:563,0
DA:565,0
DA:573,0
DA:577,0
LF:194
LH:0
BRDA:62,0,0,0
BRDA:62,0,1,0
BRDA:66,1,0,0
BRDA:66,1,1,0
BRDA:81,2,0,0
BRDA:81,2,1,0
BRDA:100,3,0,0
BRDA:100,3,1,0
BRDA:101,4,0,0
BRDA:101,4,1,0
BRDA:130,5,0,0
BRDA:130,5,1,0
BRDA:151,6,0,0
BRDA:151,6,1,0
BRDA:160,7,0,0
BRDA:160,7,1,0
BRDA:160,8,0,0
BRDA:160,8,1,0
BRDA:177,9,0,0
BRDA:177,9,1,0
BRDA:181,10,0,0
BRDA:181,10,1,0
BRDA:183,11,0,0
BRDA:183,11,1,0
BRDA:183,12,0,0
BRDA:183,12,1,0
BRDA:198,13,0,0
BRDA:198,13,1,0
BRDA:199,14,0,0
BRDA:199,14,1,0
BRDA:199,15,0,0
BRDA:199,15,1,0
BRDA:207,16,0,0
BRDA:207,16,1,0
BRDA:208,17,0,0
BRDA:208,17,1,0
BRDA:211,18,0,0
BRDA:211,18,1,0
BRDA:233,19,0,0
BRDA:233,19,1,0
BRDA:233,20,0,0
BRDA:233,20,1,0
BRDA:252,21,0,0
BRDA:252,21,1,0
BRDA:258,22,0,0
BRDA:258,22,1,0
BRDA:260,23,0,0
BRDA:260,23,1,0
BRDA:260,24,0,0
BRDA:260,24,1,0
BRDA:263,25,0,0
BRDA:263,25,1,0
BRDA:264,26,0,0
BRDA:264,26,1,0
BRDA:272,27,0,0
BRDA:272,27,1,0
BRDA:302,28,0,0
BRDA:302,28,1,0
BRDA:308,29,0,0
BRDA:308,29,1,0
BRDA:312,30,0,0
BRDA:312,30,1,0
BRDA:317,31,0,0
BRDA:317,31,1,0
BRDA:320,32,0,0
BRDA:320,32,1,0
BRDA:341,33,0,0
BRDA:341,33,1,0
BRDA:343,34,0,0
BRDA:343,34,1,0
BRDA:356,35,0,0
BRDA:356,35,1,0
BRDA:359,36,0,0
BRDA:359,36,1,0
BRDA:371,37,0,0
BRDA:371,37,1,0
BRDA:386,38,0,0
BRDA:386,38,1,0
BRDA:390,39,0,0
BRDA:390,39,1,0
BRDA:402,40,0,0
BRDA:402,40,1,0
BRDA:403,41,0,0
BRDA:403,41,1,0
BRDA:413,42,0,0
BRDA:413,42,1,0
BRDA:422,43,0,0
BRDA:422,43,1,0
BRDA:426,44,0,0
BRDA:426,44,1,0
BRDA:442,45,0,0
BRDA:442,45,1,0
BRDA:467,46,0,0
BRDA:467,46,1,0
BRDA:471,47,0,0
BRDA:471,47,1,0
BRDA:472,48,0,0
BRDA:472,48,1,0
BRDA:479,49,0,0
BRDA:479,49,1,0
BRDA:480,50,0,0
BRDA:480,50,1,0
BRDA:492,51,0,0
BRDA:492,51,1,0
BRDA:498,52,0,0
BRDA:498,52,1,0
BRDA:499,53,0,0
BRDA:499,53,1,0
BRDA:502,54,0,0
BRDA:502,54,1,0
BRDA:518,55,0,0
BRDA:518,55,1,0
BRDA:524,56,0,0
BRDA:524,56,1,0
BRDA:525,57,0,0
BRDA:525,57,1,0
BRDA:528,58,0,0
BRDA:528,58,1,0
BRDA:548,59,0,0
BRDA:548,59,1,0
BRDA:549,60,0,0
BRDA:549,60,1,0
BRF:122
BRH:0
end_of_record
TN:
SF:src/services/services/spotify/actions.ts
FNF:0
FNH:0
DA:10,0
LF:1
LH:0
BRF:0
BRH:0
end_of_record
TN:
SF:src/services/services/spotify/executor.ts
FN:32,(anonymous_0)
FN:38,(anonymous_1)
FN:80,(anonymous_2)
FN:108,(anonymous_3)
FN:127,(anonymous_4)
FN:146,(anonymous_5)
FN:195,(anonymous_6)
FN:217,(anonymous_7)
FN:307,(anonymous_8)
FN:331,(anonymous_9)
FN:392,(anonymous_10)
FN:415,(anonymous_11)
FN:482,(anonymous_12)
FNF:13
FNH:0
FNDA:0,(anonymous_0)
FNDA:0,(anonymous_1)
FNDA:0,(anonymous_2)
FNDA:0,(anonymous_3)
FNDA:0,(anonymous_4)
FNDA:0,(anonymous_5)
FNDA:0,(anonymous_6)
FNDA:0,(anonymous_7)
FNDA:0,(anonymous_8)
FNDA:0,(anonymous_9)
FNDA:0,(anonymous_10)
FNDA:0,(anonymous_11)
FNDA:0,(anonymous_12)
DA:33,0
DA:41,0
DA:43,0
DA:44,0
DA:45,0
DA:46,0
DA:52,0
DA:54,0
DA:56,0
DA:58,0
DA:60,0
DA:62,0
DA:64,0
DA:66,0
DA:72,0
DA:73,0
DA:83,0
DA:84,0
DA:92,0
DA:93,0
DA:99,0
DA:100,0
DA:107,0
DA:108,0
DA:109,0
DA:115,0
DA:120,0
DA:130,0
DA:132,0
DA:139,0
DA:140,0
DA:141,0
DA:146,0
DA:147,0
DA:154,0
DA:155,0
DA:157,0
DA:162,0
DA:165,0
DA:166,0
DA:168,0
DA:176,0
DA:177,0
DA:186,0
DA:187,0
DA:194,0
DA:195,0
DA:196,0
DA:202,0
DA:210,0
DA:221,0
DA:226,0
DA:229,0
DA:230,0
DA:231,0
DA:238,0
DA:239,0
DA:246,0
DA:247,0
DA:249,0
DA:255,0
DA:256,0
DA:262,0
DA:264,0
DA:271,0
DA:273,0
DA:275,0
DA:277,0
DA:278,0
DA:288,0
DA:291,0
DA:306,0
DA:307,0
DA:308,0
DA:314,0
DA:324,0
DA:335,0
DA:340,0
DA:341,0
DA:347,0
DA:348,0
DA:352,0
DA:353,0
DA:356,0
DA:365,0
DA:366,0
DA:376,0
DA:377,0
DA:384,0
DA:385,0
DA:391,0
DA:392,0
DA:393,0
DA:399,0
DA:408,0
DA:419,0
DA:424,0
DA:429,0
DA:435,0
DA:436,0
DA:440,0
DA:441,0
DA:444,0
DA:455,0
DA:456,0
DA:466,0
DA:467,0
DA:474,0
DA:475,0
DA:481,0
DA:482,0
DA:483,0
DA:489,0
DA:498,0
DA:506,0
LF:115
LH:0
BRDA:34,0,0,0
BRDA:34,0,1,0
BRDA:45,1,0,0
BRDA:45,1,1,0
BRDA:54,2,0,0
BRDA:54,2,1,0
BRDA:54,2,2,0
BRDA:54,2,3,0
BRDA:54,2,4,0
BRDA:54,2,5,0
BRDA:92,3,0,0
BRDA:92,3,1,0
BRDA:99,4,0,0
BRDA:99,4,1,0
BRDA:107,5,0,0
BRDA:107,5,1,0
BRDA:111,6,0,0
BRDA:111,6,1,0
BRDA:139,7,0,0
BRDA:139,7,1,0
BRDA:140,8,0,0
BRDA:140,8,1,0
BRDA:149,9,0,0
BRDA:149,9,1,0
BRDA:165,10,0,0
BRDA:165,10,1,0
BRDA:166,11,0,0
BRDA:166,11,1,0
BRDA:176,12,0,0
BRDA:176,12,1,0
BRDA:180,13,0,0
BRDA:180,13,1,0
BRDA:186,14,0,0
BRDA:186,14,1,0
BRDA:194,15,0,0
BRDA:194,15,1,0
BRDA:198,16,0,0
BRDA:198,16,1,0
BRDA:205,17,0,0
BRDA:205,17,1,0
BRDA:229,18,0,0
BRDA:229,18,1,0
BRDA:238,19,0,0
BRDA:238,19,1,0
BRDA:255,20,0,0
BRDA:255,20,1,0
BRDA:275,21,0,0
BRDA:275,21,1,0
BRDA:306,22,0,0
BRDA:306,22,1,0
BRDA:310,23,0,0
BRDA:310,23,1,0
BRDA:317,24,0,0
BRDA:317,24,1,0
BRDA:340,25,0,0
BRDA:340,25,1,0
BRDA:352,26,0,0
BRDA:352,26,1,0
BRDA:365,27,0,0
BRDA:365,27,1,0
BRDA:370,28,0,0
BRDA:370,28,1,0
BRDA:376,29,0,0
BRDA:376,29,1,0
BRDA:384,30,0,0
BRDA:384,30,1,0
BRDA:391,31,0,0
BRDA:391,31,1,0
BRDA:395,32,0,0
BRDA:395,32,1,0
BRDA:403,33,0,0
BRDA:403,33,1,0
BRDA:424,34,0,0
BRDA:424,34,1,0
BRDA:425,35,0,0
BRDA:425,35,1,0
BRDA:425,35,2,0
BRDA:440,36,0,0
BRDA:440,36,1,0
BRDA:455,37,0,0
BRDA:455,37,1,0
BRDA:460,38,0,0
BRDA:460,38,1,0
BRDA:466,39,0,0
BRDA:466,39,1,0
BRDA:474,40,0,0
BRDA:474,40,1,0
BRDA:481,41,0,0
BRDA:481,41,1,0
BRDA:485,42,0,0
BRDA:485,42,1,0
BRDA:493,43,0,0
BRDA:493,43,1,0
BRF:93
BRH:0
end_of_record
TN:
SF:src/services/services/spotify/oauth.ts
FN:36,(anonymous_0)
FN:51,(anonymous_1)
FN:63,(anonymous_2)
FN:96,(anonymous_3)
FN:130,(anonymous_4)
FN:147,(anonymous_5)
FN:202,(anonymous_6)
FN:246,(anonymous_7)
FNF:8
FNH:0
FNDA:0,(anonymous_0)
FNDA:0,(anonymous_1)
FNDA:0,(anonymous_2)
FNDA:0,(anonymous_3)
FNDA:0,(anonymous_4)
FNDA:0,(anonymous_5)
FNDA:0,(anonymous_6)
FNDA:0,(anonymous_7)
DA:37,0
DA:38,0
DA:39,0
DA:40,0
DA:42,0
DA:46,0
DA:47,0
DA:52,0
DA:60,0
DA:64,0
DA:79,0
DA:80,0
DA:85,0
DA:89,0
DA:90,0
DA:93,0
DA:99,0
DA:113,0
DA:114,0
DA:119,0
DA:123,0
DA:124,0
DA:127,0
DA:131,0
DA:138,0
DA:139,0
DA:144,0
DA:151,0
DA:153,0
DA:160,0
DA:164,0
DA:165,0
DA:166,0
DA:167,0
DA:169,0
DA:176,0
DA:179,0
DA:180,0
DA:187,0
DA:188,0
DA:189,0
DA:191,0
DA:197,0
DA:203,0
DA:205,0
DA:213,0
DA:214,0
DA:222,0
DA:223,0
DA:224,0
DA:227,0
DA:228,0
DA:236,0
DA:237,0
DA:240,0
DA:243,0
DA:247,0
DA:249,0
DA:262,0
DA:263,0
DA:264,0
DA:265,0
DA:266,0
DA:271,0
LF:64
LH:0
BRDA:37,0,0,0
BRDA:37,0,1,0
BRDA:38,1,0,0
BRDA:38,1,1,0
BRDA:39,2,0,0
BRDA:39,2,1,0
BRDA:41,3,0,0
BRDA:41,3,1,0
BRDA:43,4,0,0
BRDA:43,4,1,0
BRDA:46,5,0,0
BRDA:46,5,1,0
BRDA:46,6,0,0
BRDA:46,6,1,0
BRDA:46,6,2,0
BRDA:79,7,0,0
BRDA:79,7,1,0
BRDA:89,8,0,0
BRDA:89,8,1,0
BRDA:113,9,0,0
BRDA:113,9,1,0
BRDA:123,10,0,0
BRDA:123,10,1,0
BRDA:138,11,0,0
BRDA:138,11,1,0
BRDA:160,12,0,0
BRDA:160,12,1,0
BRDA:164,13,0,0
BRDA:164,13,1,0
BRDA:179,14,0,0
BRDA:179,14,1,0
BRDA:187,15,0,0
BRDA:187,15,1,0
BRDA:213,16,0,0
BRDA:213,16,1,0
BRDA:213,17,0,0
BRDA:213,17,1,0
BRDA:213,17,2,0
BRDA:222,18,0,0
BRDA:222,18,1,0
BRF:40
BRH:0
end_of_record
TN:
SF:src/services/services/spotify/passport.ts
FN:17,initializeSpotifyPassport
FN:31,(anonymous_1)
FNF:2
FNH:0
FNDA:0,initializeSpotifyPassport
FNDA:0,(anonymous_1)
DA:18,0
DA:39,0
DA:43,0
DA:44,0
DA:45,0
DA:46,0
DA:49,0
DA:51,0
DA:59,0
DA:60,0
DA:63,0
DA:73,0
DA:76,0
DA:78,0
DA:79,0
DA:82,0
DA:87,0
DA:93,0
DA:100,0
LF:19
LH:0
BRDA:22,0,0,0
BRDA:22,0,1,0
BRDA:23,1,0,0
BRDA:23,1,1,0
BRDA:24,2,0,0
BRDA:24,2,1,0
BRDA:25,3,0,0
BRDA:25,3,1,0
BRDA:26,4,0,0
BRDA:26,4,1,0
BRDA:45,5,0,0
BRDA:45,5,1,0
BRDA:59,6,0,0
BRDA:59,6,1,0
BRDA:67,7,0,0
BRDA:67,7,1,0
BRDA:69,8,0,0
BRDA:69,8,1,0
BRF:18
BRH:0
end_of_record
TN:
SF:src/services/services/spotify/reactions.ts
FNF:0
FNH:0
DA:11,0
LF:1
LH:0
BRF:0
BRH:0
end_of_record
TN:
SF:src/services/services/spotify/schemas.ts
FNF:0
FNH:0
DA:5,0
DA:11,0
DA:17,0
DA:23,0
DA:31,0
DA:37,0
DA:43,0
DA:67,0
DA:92,0
LF:9
LH:0
BRF:0
BRH:0
end_of_record
TN:
SF:src/services/services/timer/TimerScheduler.ts
FN:11,(anonymous_0)
FN:20,(anonymous_1)
FN:29,(anonymous_2)
FN:46,(anonymous_3)
FN:58,(anonymous_4)
FN:61,(anonymous_5)
FN:64,(anonymous_6)
FN:89,(anonymous_7)
FN:97,(anonymous_8)
FN:120,(anonymous_9)
FN:130,(anonymous_10)
FN:176,(anonymous_11)
FNF:12
FNH:0
FNDA:0,(anonymous_0)
FNDA:0,(anonymous_1)
FNDA:0,(anonymous_2)
FNDA:0,(anonymous_3)
FNDA:0,(anonymous_4)
FNDA:0,(anonymous_5)
FNDA:0,(anonymous_6)
FNDA:0,(anonymous_7)
FNDA:0,(anonymous_8)
FNDA:0,(anonymous_9)
FNDA:0,(anonymous_10)
FNDA:0,(anonymous_11)
DA:8,0
DA:9,0
DA:12,0
DA:13,0
DA:14,0
DA:17,0
DA:18,0
DA:20,0
DA:21,0
DA:24,0
DA:26,0
DA:30,0
DA:31,0
DA:32,0
DA:35,0
DA:36,0
DA:38,0
DA:39,0
DA:41,0
DA:43,0
DA:47,0
DA:48,0
DA:49,0
DA:56,0
DA:57,0
DA:58,0
DA:60,0
DA:61,0
DA:63,0
DA:64,0
DA:67,0
DA:76,0
DA:78,0
DA:79,0
DA:85,0
DA:92,0
DA:94,0
DA:97,0
DA:103,0
DA:104,0
DA:105,0
DA:107,0
DA:108,0
DA:109,0
DA:115,0
DA:125,0
DA:127,0
DA:130,0
DA:136,0
DA:146,0
DA:147,0
DA:148,0
DA:154,0
DA:160,0
DA:163,0
DA:171,0
DA:180,0
DA:182,0
DA:191,0
DA:193,0
LF:60
LH:0
BRDA:12,0,0,0
BRDA:12,0,1,0
BRDA:30,1,0,0
BRDA:30,1,1,0
BRDA:107,2,0,0
BRDA:107,2,1,0
BRDA:107,3,0,0
BRDA:107,3,1,0
BRDA:154,4,0,0
BRDA:154,4,1,0
BRDA:155,5,0,0
BRDA:155,5,1,0
BRDA:155,5,2,0
BRDA:155,5,3,0
BRDA:156,6,0,0
BRDA:156,6,1,0
BRDA:166,7,0,0
BRDA:166,7,1,0
BRDA:184,8,0,0
BRDA:184,8,1,0
BRF:20
BRH:0
end_of_record
TN:
SF:src/services/services/timer/actions.ts
FNF:0
FNH:0
DA:4,0
LF:1
LH:0
BRF:0
BRH:0
end_of_record
TN:
SF:src/services/services/timer/reactions.ts
FNF:0
FNH:0
DA:3,0
LF:1
LH:0
BRF:0
BRH:0
end_of_record
TN:
SF:src/services/services/timer/schemas.ts
FNF:0
FNH:0
DA:3,0
DA:42,0
LF:2
LH:0
BRF:0
BRH:0
end_of_record
TN:
SF:src/services/services/twitch/actions.ts
FNF:0
FNH:0
DA:7,0
LF:1
LH:0
BRF:0
BRH:0
end_of_record
TN:
SF:src/services/services/twitch/eventSubManager.ts
FN:12,(anonymous_0)
FN:22,(anonymous_1)
FN:48,(anonymous_2)
FN:123,(anonymous_3)
FN:194,(anonymous_4)
FN:221,(anonymous_5)
FN:253,(anonymous_6)
FN:264,(anonymous_7)
FN:288,(anonymous_8)
FN:315,(anonymous_9)
FN:349,(anonymous_10)
FN:376,(anonymous_11)
FNF:12
FNH:0
FNDA:0,(anonymous_0)
FNDA:0,(anonymous_1)
FNDA:0,(anonymous_2)
FNDA:0,(anonymous_3)
FNDA:0,(anonymous_4)
FNDA:0,(anonymous_5)
FNDA:0,(anonymous_6)
FNDA:0,(anonymous_7)
FNDA:0,(anonymous_8)
FNDA:0,(anonymous_9)
FNDA:0,(anonymous_10)
FNDA:0,(anonymous_11)
DA:13,0
DA:14,0
DA:15,0
DA:16,0
DA:18,0
DA:23,0
DA:24,0
DA:36,0
DA:37,0
DA:40,0
DA:41,0
DA:43,0
DA:44,0
DA:67,0
DA:68,0
DA:69,0
DA:70,0
DA:81,0
DA:94,0
DA:96,0
DA:97,0
DA:98,0
DA:102,0
DA:105,0
DA:118,0
DA:119,0
DA:120,0
DA:122,0
DA:125,0
DA:128,0
DA:132,0
DA:133,0
DA:138,0
DA:140,0
DA:148,0
DA:168,0
DA:169,0
DA:174,0
DA:175,0
DA:177,0
DA:178,0
DA:181,0
DA:190,0
DA:202,0
DA:204,0
DA:205,0
DA:207,0
DA:208,0
DA:210,0
DA:213,0
DA:227,0
DA:228,0
DA:235,0
DA:236,0
DA:237,0
DA:238,0
DA:239,0
DA:240,0
DA:241,0
DA:242,0
DA:245,0
DA:247,0
DA:249,0
DA:254,0
DA:256,0
DA:258,0
DA:260,0
DA:265,0
DA:266,0
DA:268,0
DA:279,0
DA:280,0
DA:283,0
DA:284,0
DA:289,0
DA:290,0
DA:292,0
DA:303,0
DA:304,0
DA:307,0
DA:308,0
DA:310,0
DA:311,0
DA:316,0
DA:317,0
DA:319,0
DA:330,0
DA:331,0
DA:334,0
DA:335,0
DA:337,0
DA:338,0
DA:339,0
DA:342,0
DA:344,0
DA:345,0
DA:350,0
DA:351,0
DA:353,0
DA:364,0
DA:365,0
DA:368,0
DA:369,0
DA:371,0
DA:372,0
DA:377,0
DA:381,0
LF:107
LH:0
BRDA:13,0,0,0
BRDA:13,0,1,0
BRDA:14,1,0,0
BRDA:14,1,1,0
BRDA:15,2,0,0
BRDA:15,2,1,0
BRDA:17,3,0,0
BRDA:17,3,1,0
BRDA:19,4,0,0
BRDA:19,4,1,0
BRDA:36,5,0,0
BRDA:36,5,1,0
BRDA:83,6,0,0
BRDA:83,6,1,0
BRDA:96,7,0,0
BRDA:96,7,1,0
BRDA:97,8,0,0
BRDA:97,8,1,0
BRDA:118,9,0,0
BRDA:118,9,1,0
BRDA:119,10,0,0
BRDA:119,10,1,0
BRDA:125,11,0,0
BRDA:125,11,1,0
BRDA:132,12,0,0
BRDA:132,12,1,0
BRDA:133,13,0,0
BRDA:133,13,1,0
BRDA:134,14,0,0
BRDA:134,14,1,0
BRDA:177,15,0,0
BRDA:177,15,1,0
BRDA:202,16,0,0
BRDA:202,16,1,0
BRDA:202,16,2,0
BRDA:254,17,0,0
BRDA:254,17,1,0
BRDA:254,17,2,0
BRDA:279,18,0,0
BRDA:279,18,1,0
BRDA:303,19,0,0
BRDA:303,19,1,0
BRDA:308,20,0,0
BRDA:308,20,1,0
BRDA:330,21,0,0
BRDA:330,21,1,0
BRDA:337,22,0,0
BRDA:337,22,1,0
BRDA:364,23,0,0
BRDA:364,23,1,0
BRDA:369,24,0,0
BRDA:369,24,1,0
BRF:52
BRH:0
end_of_record
TN:
SF:src/services/services/twitch/executor.ts
FN:23,(anonymous_0)
FN:28,(anonymous_1)
FN:66,(anonymous_2)
FN:110,(anonymous_3)
FN:148,(anonymous_4)
FN:215,(anonymous_5)
FN:266,(anonymous_6)
FN:355,(anonymous_7)
FN:407,(anonymous_8)
FN:454,(anonymous_9)
FNF:10
FNH:0
FNDA:0,(anonymous_0)
FNDA:0,(anonymous_1)
FNDA:0,(anonymous_2)
FNDA:0,(anonymous_3)
FNDA:0,(anonymous_4)
FNDA:0,(anonymous_5)
FNDA:0,(anonymous_6)
FNDA:0,(anonymous_7)
FNDA:0,(anonymous_8)
FNDA:0,(anonymous_9)
DA:24,0
DA:31,0
DA:33,0
DA:34,0
DA:35,0
DA:36,0
DA:42,0
DA:44,0
DA:46,0
DA:48,0
DA:50,0
DA:52,0
DA:58,0
DA:59,0
DA:70,0
DA:71,0
DA:73,0
DA:74,0
DA:77,0
DA:87,0
DA:88,0
DA:91,0
DA:95,0
DA:96,0
DA:99,0
DA:100,0
DA:101,0
DA:104,0
DA:106,0
DA:111,0
DA:112,0
DA:114,0
DA:115,0
DA:118,0
DA:125,0
DA:126,0
DA:129,0
DA:133,0
DA:134,0
DA:137,0
DA:138,0
DA:139,0
DA:142,0
DA:144,0
DA:152,0
DA:154,0
DA:155,0
DA:161,0
DA:162,0
DA:168,0
DA:169,0
DA:170,0
DA:171,0
DA:177,0
DA:187,0
DA:188,0
DA:189,0
DA:192,0
DA:197,0
DA:201,0
DA:212,0
DA:213,0
DA:215,0
DA:217,0
DA:220,0
DA:221,0
DA:226,0
DA:227,0
DA:231,0
DA:232,0
DA:236,0
DA:237,0
DA:243,0
DA:249,0
DA:259,0
DA:270,0
DA:276,0
DA:277,0
DA:283,0
DA:289,0
DA:296,0
DA:297,0
DA:303,0
DA:304,0
DA:308,0
DA:309,0
DA:315,0
DA:316,0
DA:317,0
DA:323,0
DA:327,0
DA:332,0
DA:335,0
DA:336,0
DA:339,0
DA:352,0
DA:353,0
DA:355,0
DA:357,0
DA:360,0
DA:361,0
DA:366,0
DA:367,0
DA:372,0
DA:373,0
DA:377,0
DA:378,0
DA:384,0
DA:390,0
DA:400,0
DA:411,0
DA:413,0
DA:414,0
DA:420,0
DA:421,0
DA:425,0
DA:426,0
DA:432,0
DA:433,0
DA:434,0
DA:440,0
DA:451,0
DA:452,0
DA:454,0
DA:456,0
DA:459,0
DA:460,0
DA:465,0
DA:466,0
DA:471,0
DA:472,0
DA:476,0
DA:477,0
DA:483,0
DA:489,0
DA:498,0
DA:506,0
LF:137
LH:0
BRDA:25,0,0,0
BRDA:25,0,1,0
BRDA:35,1,0,0
BRDA:35,1,1,0
BRDA:44,2,0,0
BRDA:44,2,1,0
BRDA:44,2,2,0
BRDA:44,2,3,0
BRDA:71,3,0,0
BRDA:71,3,1,0
BRDA:73,4,0,0
BRDA:73,4,1,0
BRDA:87,5,0,0
BRDA:87,5,1,0
BRDA:95,6,0,0
BRDA:95,6,1,0
BRDA:95,7,0,0
BRDA:95,7,1,0
BRDA:100,8,0,0
BRDA:100,8,1,0
BRDA:112,9,0,0
BRDA:112,9,1,0
BRDA:114,10,0,0
BRDA:114,10,1,0
BRDA:125,11,0,0
BRDA:125,11,1,0
BRDA:133,12,0,0
BRDA:133,12,1,0
BRDA:133,13,0,0
BRDA:133,13,1,0
BRDA:138,14,0,0
BRDA:138,14,1,0
BRDA:154,15,0,0
BRDA:154,15,1,0
BRDA:154,16,0,0
BRDA:154,16,1,0
BRDA:161,17,0,0
BRDA:161,17,1,0
BRDA:170,18,0,0
BRDA:170,18,1,0
BRDA:182,19,0,0
BRDA:182,19,1,0
BRDA:188,20,0,0
BRDA:188,20,1,0
BRDA:192,21,0,0
BRDA:192,21,1,0
BRDA:193,22,0,0
BRDA:193,22,1,0
BRDA:193,22,2,0
BRDA:197,23,0,0
BRDA:197,23,1,0
BRDA:207,24,0,0
BRDA:207,24,1,0
BRDA:212,25,0,0
BRDA:212,25,1,0
BRDA:217,26,0,0
BRDA:217,26,1,0
BRDA:220,27,0,0
BRDA:220,27,1,0
BRDA:226,28,0,0
BRDA:226,28,1,0
BRDA:231,29,0,0
BRDA:231,29,1,0
BRDA:236,30,0,0
BRDA:236,30,1,0
BRDA:276,31,0,0
BRDA:276,31,1,0
BRDA:276,32,0,0
BRDA:276,32,1,0
BRDA:283,33,0,0
BRDA:283,33,1,0
BRDA:284,34,0,0
BRDA:284,34,1,0
BRDA:284,34,2,0
BRDA:284,34,3,0
BRDA:284,34,4,0
BRDA:296,35,0,0
BRDA:296,35,1,0
BRDA:296,36,0,0
BRDA:296,36,1,0
BRDA:308,37,0,0
BRDA:308,37,1,0
BRDA:316,38,0,0
BRDA:316,38,1,0
BRDA:327,39,0,0
BRDA:327,39,1,0
BRDA:328,40,0,0
BRDA:328,40,1,0
BRDA:328,40,2,0
BRDA:335,41,0,0
BRDA:335,41,1,0
BRDA:345,42,0,0
BRDA:345,42,1,0
BRDA:352,43,0,0
BRDA:352,43,1,0
BRDA:357,44,0,0
BRDA:357,44,1,0
BRDA:360,45,0,0
BRDA:360,45,1,0
BRDA:366,46,0,0
BRDA:366,46,1,0
BRDA:372,47,0,0
BRDA:372,47,1,0
BRDA:377,48,0,0
BRDA:377,48,1,0
BRDA:395,49,0,0
BRDA:395,49,1,0
BRDA:413,50,0,0
BRDA:413,50,1,0
BRDA:413,51,0,0
BRDA:413,51,1,0
BRDA:425,52,0,0
BRDA:425,52,1,0
BRDA:433,53,0,0
BRDA:433,53,1,0
BRDA:446,54,0,0
BRDA:446,54,1,0
BRDA:451,55,0,0
BRDA:451,55,1,0
BRDA:456,56,0,0
BRDA:456,56,1,0
BRDA:459,57,0,0
BRDA:459,57,1,0
BRDA:465,58,0,0
BRDA:465,58,1,0
BRDA:471,59,0,0
BRDA:471,59,1,0
BRDA:476,60,0,0
BRDA:476,60,1,0
BRF:129
BRH:0
end_of_record
TN:
SF:src/services/services/twitch/oauth.ts
FN:35,(anonymous_0)
FN:49,(anonymous_1)
FN:61,(anonymous_2)
FN:87,(anonymous_3)
FN:112,(anonymous_4)
FN:138,(anonymous_5)
FN:205,(anonymous_6)
FN:249,(anonymous_7)
FNF:8
FNH:0
FNDA:0,(anonymous_0)
FNDA:0,(anonymous_1)
FNDA:0,(anonymous_2)
FNDA:0,(anonymous_3)
FNDA:0,(anonymous_4)
FNDA:0,(anonymous_5)
FNDA:0,(anonymous_6)
FNDA:0,(anonymous_7)
DA:36,0
DA:37,0
DA:38,0
DA:39,0
DA:41,0
DA:44,0
DA:45,0
DA:50,0
DA:58,0
DA:62,0
DA:76,0
DA:77,0
DA:78,0
DA:83,0
DA:84,0
DA:88,0
DA:101,0
DA:102,0
DA:103,0
DA:108,0
DA:109,0
DA:113,0
DA:120,0
DA:121,0
DA:124,0
DA:126,0
DA:127,0
DA:130,0
DA:131,0
DA:132,0
DA:135,0
DA:142,0
DA:144,0
DA:151,0
DA:155,0
DA:156,0
DA:157,0
DA:158,0
DA:160,0
DA:166,0
DA:173,0
DA:176,0
DA:177,0
DA:184,0
DA:185,0
DA:186,0
DA:188,0
DA:194,0
DA:200,0
DA:206,0
DA:208,0
DA:216,0
DA:217,0
DA:225,0
DA:226,0
DA:227,0
DA:230,0
DA:231,0
DA:239,0
DA:240,0
DA:243,0
DA:246,0
DA:250,0
DA:252,0
DA:265,0
DA:266,0
DA:267,0
DA:268,0
DA:269,0
DA:274,0
LF:70
LH:0
BRDA:36,0,0,0
BRDA:36,0,1,0
BRDA:37,1,0,0
BRDA:37,1,1,0
BRDA:38,2,0,0
BRDA:38,2,1,0
BRDA:40,3,0,0
BRDA:40,3,1,0
BRDA:42,4,0,0
BRDA:42,4,1,0
BRDA:44,5,0,0
BRDA:44,5,1,0
BRDA:44,6,0,0
BRDA:44,6,1,0
BRDA:44,6,2,0
BRDA:76,7,0,0
BRDA:76,7,1,0
BRDA:79,8,0,0
BRDA:79,8,1,0
BRDA:101,9,0,0
BRDA:101,9,1,0
BRDA:104,10,0,0
BRDA:104,10,1,0
BRDA:120,11,0,0
BRDA:120,11,1,0
BRDA:126,12,0,0
BRDA:126,12,1,0
BRDA:126,13,0,0
BRDA:126,13,1,0
BRDA:131,14,0,0
BRDA:131,14,1,0
BRDA:151,15,0,0
BRDA:151,15,1,0
BRDA:155,16,0,0
BRDA:155,16,1,0
BRDA:160,17,0,0
BRDA:160,17,1,0
BRDA:162,18,0,0
BRDA:162,18,1,0
BRDA:176,19,0,0
BRDA:176,19,1,0
BRDA:184,20,0,0
BRDA:184,20,1,0
BRDA:188,21,0,0
BRDA:188,21,1,0
BRDA:190,22,0,0
BRDA:190,22,1,0
BRDA:216,23,0,0
BRDA:216,23,1,0
BRDA:216,24,0,0
BRDA:216,24,1,0
BRDA:216,24,2,0
BRDA:225,25,0,0
BRDA:225,25,1,0
BRF:54
BRH:0
end_of_record
TN:
SF:src/services/services/twitch/passport.ts
FN:17,initializeTwitchPassport
FN:30,(anonymous_1)
FNF:2
FNH:0
FNDA:0,initializeTwitchPassport
FNDA:0,(anonymous_1)
DA:18,0
DA:38,0
DA:42,0
DA:43,0
DA:44,0
DA:45,0
DA:48,0
DA:50,0
DA:58,0
DA:59,0
DA:62,0
DA:70,0
DA:73,0
DA:75,0
DA:76,0
DA:79,0
DA:84,0
DA:90,0
DA:97,0
LF:19
LH:0
BRDA:22,0,0,0
BRDA:22,0,1,0
BRDA:23,1,0,0
BRDA:23,1,1,0
BRDA:24,2,0,0
BRDA:24,2,1,0
BRDA:25,3,0,0
BRDA:25,3,1,0
BRDA:26,4,0,0
BRDA:26,4,1,0
BRDA:44,5,0,0
BRDA:44,5,1,0
BRDA:54,6,0,0
BRDA:54,6,1,0
BRDA:55,7,0,0
BRDA:55,7,1,0
BRDA:58,8,0,0
BRDA:58,8,1,0
BRDA:65,9,0,0
BRDA:65,9,1,0
BRDA:66,10,0,0
BRDA:66,10,1,0
BRDA:92,11,0,0
BRDA:92,11,1,0
BRDA:93,12,0,0
BRDA:93,12,1,0
BRF:26
BRH:0
end_of_record
TN:
SF:src/services/services/twitch/schemas.ts
FNF:0
FNH:0
DA:3,0
DA:9,0
DA:16,0
DA:34,0
DA:65,0
LF:5
LH:0
BRF:0
BRH:0
end_of_record
TN:
SF:src/types/mapping.ts
FNF:0
FNH:0
DA:31,0
LF:1
LH:0
BRF:0
BRH:0
end_of_record
TN:
SF:src/utils/auth.ts
FN:5,getCurrentUser
FNF:1
FNH:0
FNDA:0,getCurrentUser
DA:8,0
DA:9,0
DA:10,0
DA:11,0
DA:12,0
DA:16,0
DA:19,0
DA:20,0
DA:21,0
DA:22,0
DA:23,0
DA:25,0
DA:28,0
DA:29,0
DA:33,0
DA:35,0
DA:41,0
DA:47,0
DA:51,0
DA:55,0
DA:57,0
LF:21
LH:0
BRDA:10,0,0,0
BRDA:10,0,1,0
BRDA:10,1,0,0
BRDA:10,1,1,0
BRDA:20,2,0,0
BRDA:20,2,1,0
BRDA:37,3,0,0
BRDA:37,3,1,0
BRDA:37,4,0,0
BRDA:37,4,1,0
BRDA:37,4,2,0
BRDA:41,5,0,0
BRDA:41,5,1,0
BRDA:42,6,0,0
BRDA:42,6,1,0
BRDA:42,6,2,0
BRDA:42,6,3,0
BRF:17
BRH:0
end_of_record
TN:
SF:src/utils/payloadFields.ts
FN:10,extractPayloadFields
FN:17,extractFields
FNF:2
FNH:0
FNDA:0,extractPayloadFields
FNDA:0,extractFields
DA:11,0
DA:13,0
DA:14,0
DA:18,0
DA:19,0
DA:21,0
DA:27,0
DA:33,0
DA:34,0
DA:36,0
DA:42,0
DA:48,0
DA:49,0
DA:58,0
DA:59,0
DA:62,0
DA:67,0
DA:72,0
DA:82,0
DA:83,0
LF:20
LH:0
BRDA:13,0,0,0
BRDA:13,0,1,0
BRDA:17,1,0,0
BRDA:19,2,0,0
BRDA:19,2,1,0
BRDA:21,3,0,0
BRDA:21,3,1,0
BRDA:22,4,0,0
BRDA:22,4,1,0
BRDA:22,4,2,0
BRDA:22,4,3,0
BRDA:33,5,0,0
BRDA:33,5,1,0
BRDA:33,6,0,0
BRDA:33,6,1,0
BRDA:36,7,0,0
BRDA:36,7,1,0
BRDA:37,8,0,0
BRDA:37,8,1,0
BRDA:37,8,2,0
BRDA:37,8,3,0
BRDA:48,9,0,0
BRDA:48,9,1,0
BRDA:48,10,0,0
BRDA:48,10,1,0
BRDA:51,11,0,0
BRDA:51,11,1,0
BRDA:53,12,0,0
BRDA:53,12,1,0
BRDA:54,13,0,0
BRDA:54,13,1,0
BRDA:55,14,0,0
BRDA:55,14,1,0
BRDA:58,15,0,0
BRDA:58,15,1,0
BRDA:58,16,0,0
BRDA:58,16,1,0
BRDA:62,17,0,0
BRDA:62,17,1,0
BRDA:63,18,0,0
BRDA:63,18,1,0
BRDA:63,18,2,0
BRDA:75,19,0,0
BRDA:75,19,1,0
BRDA:76,20,0,0
BRDA:76,20,1,0
BRF:46
BRH:0
end_of_record
TN:
SF:src/utils/payloadInterpolation.ts
FN:1,interpolatePayload
FN:23,interpolateString
FN:27,(anonymous_2)
FN:33,getValueByPath
FN:48,valueToString
FN:60,(anonymous_5)
FNF:6
FNH:0
FNDA:0,interpolatePayload
FNDA:0,interpolateString
FNDA:0,(anonymous_2)
FNDA:0,getValueByPath
FNDA:0,valueToString
FNDA:0,(anonymous_5)
DA:5,0
DA:7,0
DA:8,0
DA:9,0
DA:12,0
DA:13,0
DA:20,0
DA:27,0
DA:28,0
DA:29,0
DA:34,0
DA:35,0
DA:37,0
DA:38,0
DA:39,0
DA:41,0
DA:45,0
DA:49,0
DA:50,0
DA:53,0
DA:54,0
DA:55,0
DA:58,0
DA:61,0
DA:66,0
DA:69,0
DA:72,0
DA:73,0
DA:74,0
DA:75,0
DA:77,0
DA:81,0
LF:32
LH:0
BRDA:8,0,0,0
BRDA:8,0,1,0
BRDA:12,1,0,0
BRDA:12,1,1,0
BRDA:12,2,0,0
BRDA:12,2,1,0
BRDA:29,3,0,0
BRDA:29,3,1,0
BRDA:38,4,0,0
BRDA:38,4,1,0
BRDA:38,5,0,0
BRDA:38,5,1,0
BRDA:38,5,2,0
BRDA:49,6,0,0
BRDA:49,6,1,0
BRDA:49,7,0,0
BRDA:49,7,1,0
BRDA:53,8,0,0
BRDA:53,8,1,0
BRDA:54,9,0,0
BRDA:54,9,1,0
BRDA:58,10,0,0
BRDA:58,10,1,0
BRDA:61,11,0,0
BRDA:61,11,1,0
BRDA:61,11,2,0
BRDA:69,12,0,0
BRDA:69,12,1,0
BRDA:72,13,0,0
BRDA:72,13,1,0
BRDA:75,14,0,0
BRDA:75,14,1,0
BRF:32
BRH:0
end_of_record
TN:
SF:src/utils/signal.ts
FN:3,setupSignal
FN:4,(anonymous_1)
FN:14,(anonymous_2)
FNF:3
FNH:0
FNDA:0,setupSignal
FNDA:0,(anonymous_1)
FNDA:0,(anonymous_2)
DA:4,0
DA:5,0
DA:6,0
DA:7,0
DA:9,0
DA:11,0
DA:14,0
DA:15,0
DA:16,0
DA:17,0
DA:19,0
DA:21,0
LF:12
LH:0
BRF:0
BRH:0
end_of_record
TN:
SF:src/utils/translation.ts
FN:9,translateService
FN:19,(anonymous_1)
FN:37,(anonymous_2)
FN:60,translateSchema
FN:72,(anonymous_4)
FN:84,(anonymous_5)
FN:100,translateInputSchema
FN:114,translateOutputSchema
FN:128,translateJsonSchema
FN:147,(anonymous_9)
FNF:10
FNH:0
FNDA:0,translateService
FNDA:0,(anonymous_1)
FNDA:0,(anonymous_2)
FNDA:0,translateSchema
FNDA:0,(anonymous_4)
FNDA:0,(anonymous_5)
FNDA:0,translateInputSchema
FNDA:0,translateOutputSchema
FNDA:0,translateJsonSchema
FNDA:0,(anonymous_9)
DA:10,0
DA:12,0
DA:13,0
DA:18,0
DA:19,0
DA:36,0
DA:37,0
DA:57,0
DA:66,0
DA:68,0
DA:70,0
DA:71,0
DA:72,0
DA:84,0
DA:97,0
DA:105,0
DA:107,0
DA:119,0
DA:121,0
DA:133,0
DA:135,0
DA:137,0
DA:138,0
DA:144,0
DA:145,0
DA:148,0
DA:153,0
DA:157,0
DA:158,0
DA:165,0
LF:30
LH:0
BRDA:18,0,0,0
BRDA:18,0,1,0
BRDA:36,1,0,0
BRDA:36,1,1,0
BRDA:66,2,0,0
BRDA:66,2,1,0
BRDA:70,3,0,0
BRDA:70,3,1,0
BRDA:82,4,0,0
BRDA:82,4,1,0
BRDA:105,5,0,0
BRDA:105,5,1,0
BRDA:119,6,0,0
BRDA:119,6,1,0
BRDA:133,7,0,0
BRDA:133,7,1,0
BRDA:133,8,0,0
BRDA:133,8,1,0
BRDA:137,9,0,0
BRDA:137,9,1,0
BRDA:144,10,0,0
BRDA:144,10,1,0
BRDA:157,11,0,0
BRDA:157,11,1,0
BRF:24
BRH:0
end_of_record
TN:
SF:src/utils/waitForDb.ts
FN:9,waitForPostgres
FN:41,(anonymous_1)
FNF:2
FNH:0
FNDA:0,waitForPostgres
FNDA:0,(anonymous_1)
DA:12,0
DA:13,0
DA:15,0
DA:23,0
DA:24,0
DA:25,0
DA:26,0
DA:27,0
DA:28,0
DA:29,0
DA:30,0
DA:32,0
DA:36,0
DA:37,0
DA:41,0
LF:15
LH:0
BRDA:10,0,0,0
BRDA:12,1,0,0
BRDA:12,1,1,0
BRDA:13,2,0,0
BRDA:13,2,1,0
BRDA:17,3,0,0
BRDA:17,3,1,0
BRDA:36,4,0,0
BRDA:36,4,1,0
BRF:9
BRH:0
end_of_record
TN:
SF:src/webhooks/WebhookLoader.ts
FN:9,(anonymous_0)
FN:20,(anonymous_1)
FN:38,(anonymous_2)
FN:86,(anonymous_3)
FN:102,(anonymous_4)
FN:107,(anonymous_5)
FN:111,(anonymous_6)
FN:115,(anonymous_7)
FN:122,(anonymous_8)
FN:127,(anonymous_9)
FN:130,(anonymous_10)
FNF:11
FNH:0
FNDA:0,(anonymous_0)
FNDA:0,(anonymous_1)
FNDA:0,(anonymous_2)
FNDA:0,(anonymous_3)
FNDA:0,(anonymous_4)
FNDA:0,(anonymous_5)
FNDA:0,(anonymous_6)
FNDA:0,(anonymous_7)
FNDA:0,(anonymous_8)
FNDA:0,(anonymous_9)
FNDA:0,(anonymous_10)
DA:7,0
DA:17,0
DA:21,0
DA:22,0
DA:23,0
DA:26,0
DA:28,0
DA:29,0
DA:30,0
DA:31,0
DA:32,0
DA:39,0
DA:41,0
DA:42,0
DA:45,0
DA:46,0
DA:49,0
DA:50,0
DA:51,0
DA:52,0
DA:54,0
DA:57,0
DA:58,0
DA:60,0
DA:61,0
DA:66,0
DA:68,0
DA:69,0
DA:74,0
DA:75,0
DA:76,0
DA:79,0
DA:81,0
DA:82,0
DA:87,0
DA:88,0
DA:90,0
DA:91,0
DA:92,0
DA:93,0
DA:96,0
DA:99,0
DA:103,0
DA:104,0
DA:108,0
DA:112,0
DA:116,0
DA:117,0
DA:120,0
DA:123,0
DA:124,0
DA:125,0
DA:127,0
DA:131,0
DA:137,0
DA:138,0
DA:139,0
DA:140,0
DA:141,0
DA:145,0
DA:149,0
LF:61
LH:0
BRDA:10,0,0,0
BRDA:21,1,0,0
BRDA:21,1,1,0
BRDA:29,2,0,0
BRDA:29,2,1,0
BRDA:31,3,0,0
BRDA:31,3,1,0
BRDA:41,4,0,0
BRDA:41,4,1,0
BRDA:49,5,0,0
BRDA:49,5,1,0
BRDA:51,6,0,0
BRDA:51,6,1,0
BRDA:60,7,0,0
BRDA:60,7,1,0
BRDA:68,8,0,0
BRDA:68,8,1,0
BRDA:74,9,0,0
BRDA:74,9,1,0
BRDA:92,10,0,0
BRDA:92,10,1,0
BRDA:116,11,0,0
BRDA:116,11,1,0
BRDA:123,12,0,0
BRDA:123,12,1,0
BRDA:139,13,0,0
BRDA:139,13,1,0
BRDA:139,14,0,0
BRDA:139,14,1,0
BRF:29
BRH:0
end_of_record
